#
# There is insufficient memory for the Java Runtime Environment to continue.
# Native memory allocation (mmap) failed to map 40894464 bytes. Error detail: G1 virtual space
# Possible reasons:
#   The system is out of physical RAM or swap space
#   This process is running with CompressedOops enabled, and the Java Heap may be blocking the growth of the native heap
# Possible solutions:
#   Reduce memory load on the system
#   Increase physical memory or swap space
#   Check if swap backing store is full
#   Decrease Java heap size (-Xmx/-Xms)
#   Decrease number of Java threads
#   Decrease Java thread stack sizes (-Xss)
#   Set larger code cache with -XX:ReservedCodeCacheSize=
#   JVM is running with Unscaled Compressed Oops mode in which the Java heap is
#     placed in the first 4GB address space. The Java Heap base address is the
#     maximum limit for the native heap growth. Please use -XX:HeapBaseMinAddress
#     to set the Java Heap base and to place the Java Heap above 4GB virtual address.
# This output file may be truncated or incomplete.
#
#  Out of Memory Error (os_windows.cpp:3603), pid=3736, tid=10120
#
# JRE version: OpenJDK Runtime Environment Temurin-21.0.3+9 (21.0.3+9) (build 21.0.3+9-LTS)
# Java VM: OpenJDK 64-Bit Server VM Temurin-21.0.3+9 (21.0.3+9-LTS, mixed mode, emulated-client, tiered, compressed oops, compressed class ptrs, g1 gc, windows-amd64)
# No core dump will be written. Minidumps are not enabled by default on client versions of Windows
#

---------------  S U M M A R Y ------------

Command Line: -Dcom.sun.management.jmxremote -Dcom.sun.management.jmxremote.port=53279 -Dcom.sun.management.jmxremote.authenticate=false -Dcom.sun.management.jmxremote.ssl=false -Djava.rmi.server.hostname=localhost -Dspring.jmx.enabled=true -Dmanagement.endpoints.jmx.exposure.include=* -Dspring.application.admin.enabled=true -XX:TieredStopAtLevel=1 -Dspring.boot.project.name=auth-service -Dfile.encoding=UTF-8 -Dstdout.encoding=UTF-8 -Dstderr.encoding=UTF-8 -XX:+ShowCodeDetailsInExceptionMessages com.example.demo.AuthServiceApplication --spring.output.ansi.enabled=always

Host: 11th Gen Intel(R) Core(TM) i5-1135G7 @ 2.40GHz, 8 cores, 7G,  Windows 11 , 64 bit Build 22621 (10.0.22621.3672)
Time: Fri Aug  9 08:32:58 2024 SE Asia Standard Time elapsed time: 7.903477 seconds (0d 0h 0m 7s)

---------------  T H R E A D  ---------------

Current thread (0x00000205b03f8910):  VMThread "VM Thread"          [id=10120, stack(0x0000000c3f600000,0x0000000c3f700000) (1024K)]

Stack: [0x0000000c3f600000,0x0000000c3f700000]
Native frames: (J=compiled Java code, j=interpreted, Vv=VM code, C=native code)
V  [jvm.dll+0x6c8699]
V  [jvm.dll+0x8a2061]
V  [jvm.dll+0x8a458e]
V  [jvm.dll+0x8a4c63]
V  [jvm.dll+0x27e476]
V  [jvm.dll+0x6c4e15]
V  [jvm.dll+0x6b9b0a]
V  [jvm.dll+0x3523ba]
V  [jvm.dll+0x359f66]
V  [jvm.dll+0x3ab1be]
V  [jvm.dll+0x3ab468]
V  [jvm.dll+0x3265fc]
V  [jvm.dll+0x326687]
V  [jvm.dll+0x36a3cc]
V  [jvm.dll+0x368c08]
V  [jvm.dll+0x325d71]
V  [jvm.dll+0x36827a]
V  [jvm.dll+0x8aa56f]
V  [jvm.dll+0x8ab674]
V  [jvm.dll+0x8abbb0]
V  [jvm.dll+0x8abe53]
V  [jvm.dll+0x84bf8b]
V  [jvm.dll+0x6c6dcd]
C  [ucrtbase.dll+0x29333]
C  [KERNEL32.DLL+0x1257d]
C  [ntdll.dll+0x5af28]

VM_Operation (0x0000000c41cfdda0): G1CollectForAllocation, mode: safepoint, requested by thread 0x00000205bd6aedd0


---------------  P R O C E S S  ---------------

Threads class SMR info:
_java_thread_list=0x00000205bd7fac70, length=42, elements={
0x00000205a4707ce0, 0x00000205b04f5050, 0x00000205b04f63b0, 0x00000205b04f6f70,
0x00000205b04d1330, 0x00000205b04d3540, 0x00000205b04d5080, 0x00000205b04c6d00,
0x00000205b068c770, 0x00000205b0673e00, 0x00000205b07167d0, 0x00000205b0674ba0,
0x00000205b06744d0, 0x00000205b57f2700, 0x00000205b58a6d30, 0x00000205b58a9a70,
0x00000205b5940260, 0x00000205b58e4050, 0x00000205b599df20, 0x00000205b59a81f0,
0x00000205b5e5dfd0, 0x00000205b5e5b1e0, 0x00000205b5e5d940, 0x00000205b5e5ab50,
0x00000205b5e5b870, 0x00000205bd6ac670, 0x00000205bd6af460, 0x00000205bd6acd00,
0x00000205bd6afaf0, 0x00000205bd6aedd0, 0x00000205bd6ab2c0, 0x00000205bd6ada20,
0x00000205bd6ad390, 0x00000205bd6ae0b0, 0x00000205bd6a8b60, 0x00000205bd6ab950,
0x00000205bd6a9f10, 0x00000205bd6aa5a0, 0x00000205bd6ae740, 0x00000205bd6abfe0,
0x00000205bd6b0180, 0x00000205bd6a91f0
}

Java Threads: ( => current thread )
  0x00000205a4707ce0 JavaThread "main"                              [_thread_blocked, id=13640, stack(0x0000000c3ef00000,0x0000000c3f000000) (1024K)]
  0x00000205b04f5050 JavaThread "Reference Handler"          daemon [_thread_blocked, id=12940, stack(0x0000000c3f700000,0x0000000c3f800000) (1024K)]
  0x00000205b04f63b0 JavaThread "Finalizer"                  daemon [_thread_blocked, id=13680, stack(0x0000000c3f800000,0x0000000c3f900000) (1024K)]
  0x00000205b04f6f70 JavaThread "Signal Dispatcher"          daemon [_thread_blocked, id=11544, stack(0x0000000c3f900000,0x0000000c3fa00000) (1024K)]
  0x00000205b04d1330 JavaThread "Attach Listener"            daemon [_thread_blocked, id=728, stack(0x0000000c3fa00000,0x0000000c3fb00000) (1024K)]
  0x00000205b04d3540 JavaThread "Service Thread"             daemon [_thread_blocked, id=10064, stack(0x0000000c3fb00000,0x0000000c3fc00000) (1024K)]
  0x00000205b04d5080 JavaThread "Monitor Deflation Thread"   daemon [_thread_blocked, id=18480, stack(0x0000000c3fc00000,0x0000000c3fd00000) (1024K)]
  0x00000205b04c6d00 JavaThread "C1 CompilerThread0"         daemon [_thread_blocked, id=12252, stack(0x0000000c3fd00000,0x0000000c3fe00000) (1024K)]
  0x00000205b068c770 JavaThread "Common-Cleaner"             daemon [_thread_blocked, id=2540, stack(0x0000000c3fe00000,0x0000000c3ff00000) (1024K)]
  0x00000205b0673e00 JavaThread "C1 CompilerThread1"         daemon [_thread_blocked, id=1220, stack(0x0000000c3ff00000,0x0000000c40000000) (1024K)]
  0x00000205b07167d0 JavaThread "Notification Thread"        daemon [_thread_blocked, id=1996, stack(0x0000000c40000000,0x0000000c40100000) (1024K)]
  0x00000205b0674ba0 JavaThread "C1 CompilerThread2"         daemon [_thread_blocked, id=7192, stack(0x0000000c40100000,0x0000000c40200000) (1024K)]
  0x00000205b06744d0 JavaThread "C1 CompilerThread3"         daemon [_thread_blocked, id=10124, stack(0x0000000c40200000,0x0000000c40300000) (1024K)]
  0x00000205b57f2700 JavaThread "RMI TCP Accept-0"           daemon [_thread_in_native, id=14908, stack(0x0000000c40300000,0x0000000c40400000) (1024K)]
  0x00000205b58a6d30 JavaThread "RMI TCP Accept-53279"       daemon [_thread_in_native, id=4584, stack(0x0000000c40400000,0x0000000c40500000) (1024K)]
  0x00000205b58a9a70 JavaThread "RMI TCP Accept-0"           daemon [_thread_in_native, id=16684, stack(0x0000000c40500000,0x0000000c40600000) (1024K)]
  0x00000205b5940260 JavaThread "RMI TCP Connection(1)-127.0.0.1" daemon [_thread_in_native, id=17236, stack(0x0000000c40600000,0x0000000c40700000) (1024K)]
  0x00000205b58e4050 JavaThread "RMI Scheduler(0)"           daemon [_thread_blocked, id=19548, stack(0x0000000c40e00000,0x0000000c40f00000) (1024K)]
  0x00000205b599df20 JavaThread "RMI TCP Connection(2)-127.0.0.1" daemon [_thread_in_native, id=15564, stack(0x0000000c40f00000,0x0000000c41000000) (1024K)]
  0x00000205b59a81f0 JavaThread "JMX server connection timeout 35" daemon [_thread_blocked, id=19672, stack(0x0000000c41000000,0x0000000c41100000) (1024K)]
  0x00000205b5e5dfd0 JavaThread "Thread-0"                          [_thread_blocked, id=9488, stack(0x0000000c41100000,0x0000000c41200000) (1024K)]
  0x00000205b5e5b1e0 JavaThread "restartedMain"                     [_thread_blocked, id=17272, stack(0x0000000c41200000,0x0000000c41300000) (1024K)]
  0x00000205b5e5d940 JavaThread "mysql-cj-abandoned-connection-cleanup" daemon [_thread_blocked, id=7804, stack(0x0000000c41500000,0x0000000c41600000) (1024K)]
  0x00000205b5e5ab50 JavaThread "HikariPool-1 housekeeper"   daemon [_thread_blocked, id=18004, stack(0x0000000c41700000,0x0000000c41800000) (1024K)]
  0x00000205b5e5b870 JavaThread "HikariPool-1 connection adder" daemon [_thread_blocked, id=17092, stack(0x0000000c41800000,0x0000000c41900000) (1024K)]
  0x00000205bd6ac670 JavaThread "Catalina-utility-1"                [_thread_blocked, id=17788, stack(0x0000000c41300000,0x0000000c41400000) (1024K)]
  0x00000205bd6af460 JavaThread "Catalina-utility-2"                [_thread_blocked, id=20192, stack(0x0000000c41900000,0x0000000c41a00000) (1024K)]
  0x00000205bd6acd00 JavaThread "container-0"                       [_thread_blocked, id=18728, stack(0x0000000c41a00000,0x0000000c41b00000) (1024K)]
  0x00000205bd6afaf0 JavaThread "ClassGraph-worker-0"        daemon [_thread_blocked, id=16472, stack(0x0000000c41b00000,0x0000000c41c00000) (1024K)]
  0x00000205bd6aedd0 JavaThread "ClassGraph-worker-1"        daemon [_thread_blocked, id=7056, stack(0x0000000c41c00000,0x0000000c41d00000) (1024K)]
  0x00000205bd6ab2c0 JavaThread "ClassGraph-worker-2"        daemon [_thread_blocked, id=19848, stack(0x0000000c41d00000,0x0000000c41e00000) (1024K)]
  0x00000205bd6ada20 JavaThread "ClassGraph-worker-3"        daemon [_thread_blocked, id=16500, stack(0x0000000c41e00000,0x0000000c41f00000) (1024K)]
  0x00000205bd6ad390 JavaThread "ClassGraph-worker-4"        daemon [_thread_blocked, id=17780, stack(0x0000000c41f00000,0x0000000c42000000) (1024K)]
  0x00000205bd6ae0b0 JavaThread "ClassGraph-worker-5"        daemon [_thread_blocked, id=17664, stack(0x0000000c42000000,0x0000000c42100000) (1024K)]
  0x00000205bd6a8b60 JavaThread "ClassGraph-worker-6"        daemon [_thread_blocked, id=20140, stack(0x0000000c42100000,0x0000000c42200000) (1024K)]
  0x00000205bd6ab950 JavaThread "ClassGraph-worker-7"        daemon [_thread_blocked, id=16728, stack(0x0000000c42200000,0x0000000c42300000) (1024K)]
  0x00000205bd6a9f10 JavaThread "ClassGraph-worker-8"        daemon [_thread_blocked, id=17580, stack(0x0000000c42300000,0x0000000c42400000) (1024K)]
  0x00000205bd6aa5a0 JavaThread "ClassGraph-worker-9"        daemon [_thread_blocked, id=2808, stack(0x0000000c42400000,0x0000000c42500000) (1024K)]
  0x00000205bd6ae740 JavaThread "ClassGraph-worker-10"       daemon [_thread_blocked, id=10312, stack(0x0000000c42500000,0x0000000c42600000) (1024K)]
  0x00000205bd6abfe0 JavaThread "ClassGraph-worker-11"       daemon [_thread_blocked, id=20452, stack(0x0000000c42600000,0x0000000c42700000) (1024K)]
  0x00000205bd6b0180 JavaThread "ClassGraph-worker-12"       daemon [_thread_blocked, id=9240, stack(0x0000000c42700000,0x0000000c42800000) (1024K)]
  0x00000205bd6a91f0 JavaThread "ClassGraph-worker-13"       daemon [_thread_blocked, id=12672, stack(0x0000000c42800000,0x0000000c42900000) (1024K)]
Total: 42

Other Threads:
=>0x00000205b03f8910 VMThread "VM Thread"                           [id=10120, stack(0x0000000c3f600000,0x0000000c3f700000) (1024K)]
  0x00000205b03e2fe0 WatcherThread "VM Periodic Task Thread"        [id=9668, stack(0x0000000c3f500000,0x0000000c3f600000) (1024K)]
  0x00000205a475dcd0 WorkerThread "GC Thread#0"                     [id=14192, stack(0x0000000c3f000000,0x0000000c3f100000) (1024K)]
  0x00000205b5944f70 WorkerThread "GC Thread#1"                     [id=12344, stack(0x0000000c40700000,0x0000000c40800000) (1024K)]
  0x00000205b5972cb0 WorkerThread "GC Thread#2"                     [id=7856, stack(0x0000000c40800000,0x0000000c40900000) (1024K)]
  0x00000205b5973050 WorkerThread "GC Thread#3"                     [id=17804, stack(0x0000000c40900000,0x0000000c40a00000) (1024K)]
  0x00000205b59733f0 WorkerThread "GC Thread#4"                     [id=13608, stack(0x0000000c40a00000,0x0000000c40b00000) (1024K)]
  0x00000205b5973790 WorkerThread "GC Thread#5"                     [id=17940, stack(0x0000000c40b00000,0x0000000c40c00000) (1024K)]
  0x00000205b5973b30 WorkerThread "GC Thread#6"                     [id=19324, stack(0x0000000c40c00000,0x0000000c40d00000) (1024K)]
  0x00000205b5974cf0 WorkerThread "GC Thread#7"                     [id=18024, stack(0x0000000c40d00000,0x0000000c40e00000) (1024K)]
  0x00000205a476f1c0 ConcurrentGCThread "G1 Main Marker"            [id=13904, stack(0x0000000c3f100000,0x0000000c3f200000) (1024K)]
  0x00000205a47704d0 WorkerThread "G1 Conc#0"                       [id=3332, stack(0x0000000c3f200000,0x0000000c3f300000) (1024K)]
  0x00000205b5e8f300 WorkerThread "G1 Conc#1"                       [id=20444, stack(0x0000000c41400000,0x0000000c41500000) (1024K)]
  0x00000205a47ae520 ConcurrentGCThread "G1 Refine#0"               [id=2272, stack(0x0000000c3f300000,0x0000000c3f400000) (1024K)]
  0x00000205b02b7310 ConcurrentGCThread "G1 Service"                [id=13460, stack(0x0000000c3f400000,0x0000000c3f500000) (1024K)]
Total: 15

Threads with active compile tasks:
Total: 0

VM state: at safepoint (normal execution)

VM Mutex/Monitor currently owned by a thread:  ([mutex/lock_event])
[0x00007ffe73b82128] Threads_lock - owner thread: 0x00000205b03f8910
[0x00007ffe73b82228] Heap_lock - owner thread: 0x00000205bd6aedd0

Heap address: 0x0000000085800000, size: 1960 MB, Compressed Oops mode: 32-bit

CDS archive(s) not mapped
Compressed class space mapped at: 0x0000000100000000-0x0000000140000000, reserved size: 1073741824
Narrow klass base: 0x0000000000000000, Narrow klass shift: 3, Narrow klass range: 0x140000000

GC Precious Log:
 CardTable entry size: 512
 Card Set container configuration: InlinePtr #cards 5 size 8 Array Of Cards #cards 12 size 40 Howl #buckets 4 coarsen threshold 1843 Howl Bitmap #cards 512 size 80 coarsen threshold 460 Card regions per heap region 1 cards per card region 2048
 CPUs: 8 total, 8 available
 Memory: 7834M
 Large Page Support: Disabled
 NUMA Support: Disabled
 Compressed Oops: Enabled (32-bit)
 Heap Region Size: 1M
 Heap Min Capacity: 8M
 Heap Initial Capacity: 124M
 Heap Max Capacity: 1960M
 Pre-touch: Disabled
 Parallel Workers: 8
 Concurrent Workers: 2
 Concurrent Refinement Workers: 8
 Periodic GC: Disabled

Heap:
 garbage-first heap   total 130048K, used 52795K [0x0000000085800000, 0x0000000100000000)
  region size 1024K, 3 young (3072K), 3 survivors (3072K)
 Metaspace       used 92290K, committed 93056K, reserved 1179648K
  class space    used 12353K, committed 12672K, reserved 1048576K

Heap Regions: E=young(eden), S=young(survivor), O=old, HS=humongous(starts), HC=humongous(continues), CS=collection set, F=free, TAMS=top-at-mark-start, PB=parsable bottom
|   0|0x0000000085800000, 0x0000000085900000, 0x0000000085900000|100%|HS|  |TAMS 0x0000000085900000| PB 0x0000000085800000| Complete 
|   1|0x0000000085900000, 0x0000000085a00000, 0x0000000085a00000|100%|HS|  |TAMS 0x0000000085a00000| PB 0x0000000085900000| Complete 
|   2|0x0000000085a00000, 0x0000000085b00000, 0x0000000085b00000|100%| O|  |TAMS 0x0000000085b00000| PB 0x0000000085a00000| Untracked 
|   3|0x0000000085b00000, 0x0000000085c00000, 0x0000000085c00000|100%| O|  |TAMS 0x0000000085c00000| PB 0x0000000085b00000| Untracked 
|   4|0x0000000085c00000, 0x0000000085d00000, 0x0000000085d00000|100%| O|  |TAMS 0x0000000085d00000| PB 0x0000000085c00000| Untracked 
|   5|0x0000000085d00000, 0x0000000085e00000, 0x0000000085e00000|100%| O|  |TAMS 0x0000000085e00000| PB 0x0000000085d00000| Untracked 
|   6|0x0000000085e00000, 0x0000000085f00000, 0x0000000085f00000|100%| O|  |TAMS 0x0000000085f00000| PB 0x0000000085e00000| Untracked 
|   7|0x0000000085f00000, 0x0000000086000000, 0x0000000086000000|100%| O|  |TAMS 0x0000000086000000| PB 0x0000000085f00000| Untracked 
|   8|0x0000000086000000, 0x0000000086100000, 0x0000000086100000|100%| O|  |TAMS 0x0000000086100000| PB 0x0000000086000000| Untracked 
|   9|0x0000000086100000, 0x0000000086200000, 0x0000000086200000|100%| O|  |TAMS 0x0000000086200000| PB 0x0000000086100000| Untracked 
|  10|0x0000000086200000, 0x0000000086300000, 0x0000000086300000|100%| O|  |TAMS 0x0000000086300000| PB 0x0000000086200000| Untracked 
|  11|0x0000000086300000, 0x0000000086400000, 0x0000000086400000|100%| O|  |TAMS 0x0000000086400000| PB 0x0000000086300000| Untracked 
|  12|0x0000000086400000, 0x0000000086500000, 0x0000000086500000|100%| O|  |TAMS 0x0000000086500000| PB 0x0000000086400000| Untracked 
|  13|0x0000000086500000, 0x0000000086600000, 0x0000000086600000|100%| O|  |TAMS 0x0000000086600000| PB 0x0000000086500000| Untracked 
|  14|0x0000000086600000, 0x0000000086700000, 0x0000000086700000|100%| O|  |TAMS 0x0000000086700000| PB 0x0000000086600000| Untracked 
|  15|0x0000000086700000, 0x0000000086800000, 0x0000000086800000|100%| O|  |TAMS 0x0000000086800000| PB 0x0000000086700000| Updating 
|  16|0x0000000086800000, 0x0000000086900000, 0x0000000086900000|100%| O|  |TAMS 0x0000000086900000| PB 0x0000000086800000| Untracked 
|  17|0x0000000086900000, 0x0000000086a00000, 0x0000000086a00000|100%| O|  |TAMS 0x0000000086a00000| PB 0x0000000086900000| Untracked 
|  18|0x0000000086a00000, 0x0000000086b00000, 0x0000000086b00000|100%| O|  |TAMS 0x0000000086b00000| PB 0x0000000086a00000| Updating 
|  19|0x0000000086b00000, 0x0000000086c00000, 0x0000000086c00000|100%| O|  |TAMS 0x0000000086c00000| PB 0x0000000086b00000| Untracked 
|  20|0x0000000086c00000, 0x0000000086d00000, 0x0000000086d00000|100%| O|  |TAMS 0x0000000086d00000| PB 0x0000000086c00000| Untracked 
|  21|0x0000000086d00000, 0x0000000086e00000, 0x0000000086e00000|100%| O|  |TAMS 0x0000000086e00000| PB 0x0000000086d00000| Untracked 
|  22|0x0000000086e00000, 0x0000000086f00000, 0x0000000086f00000|100%| O|  |TAMS 0x0000000086f00000| PB 0x0000000086e00000| Untracked 
|  23|0x0000000086f00000, 0x0000000087000000, 0x0000000087000000|100%| O|  |TAMS 0x0000000087000000| PB 0x0000000086f00000| Untracked 
|  24|0x0000000087000000, 0x0000000087100000, 0x0000000087100000|100%| O|  |TAMS 0x0000000087100000| PB 0x0000000087000000| Updating 
|  25|0x0000000087100000, 0x0000000087200000, 0x0000000087200000|100%| O|  |TAMS 0x0000000087200000| PB 0x0000000087100000| Untracked 
|  26|0x0000000087200000, 0x0000000087300000, 0x0000000087300000|100%| O|  |TAMS 0x0000000087300000| PB 0x0000000087200000| Untracked 
|  27|0x0000000087300000, 0x0000000087400000, 0x0000000087400000|100%| O|  |TAMS 0x0000000087400000| PB 0x0000000087300000| Updating 
|  28|0x0000000087400000, 0x0000000087500000, 0x0000000087500000|100%| O|  |TAMS 0x0000000087500000| PB 0x0000000087400000| Untracked 
|  29|0x0000000087500000, 0x0000000087600000, 0x0000000087600000|100%| O|  |TAMS 0x0000000087600000| PB 0x0000000087500000| Untracked 
|  30|0x0000000087600000, 0x0000000087700000, 0x0000000087700000|100%| O|  |TAMS 0x0000000087700000| PB 0x0000000087600000| Updating 
|  31|0x0000000087700000, 0x0000000087800000, 0x0000000087800000|100%| O|  |TAMS 0x0000000087800000| PB 0x0000000087700000| Untracked 
|  32|0x0000000087800000, 0x0000000087900000, 0x0000000087900000|100%| O|  |TAMS 0x0000000087900000| PB 0x0000000087800000| Untracked 
|  33|0x0000000087900000, 0x0000000087a00000, 0x0000000087a00000|100%| O|  |TAMS 0x0000000087a00000| PB 0x0000000087900000| Updating 
|  34|0x0000000087a00000, 0x0000000087b00000, 0x0000000087b00000|100%| O|  |TAMS 0x0000000087b00000| PB 0x0000000087a00000| Untracked 
|  35|0x0000000087b00000, 0x0000000087c00000, 0x0000000087c00000|100%| O|  |TAMS 0x0000000087c00000| PB 0x0000000087b00000| Untracked 
|  36|0x0000000087c00000, 0x0000000087d00000, 0x0000000087d00000|100%| O|  |TAMS 0x0000000087c9bcc0| PB 0x0000000087c00000| Updating 
|  37|0x0000000087d00000, 0x0000000087e00000, 0x0000000087e00000|100%| O|  |TAMS 0x0000000087d00000| PB 0x0000000087d00000| Untracked 
|  38|0x0000000087e00000, 0x0000000087f00000, 0x0000000087f00000|100%| O|  |TAMS 0x0000000087f00000| PB 0x0000000087f00000| Untracked 
|  39|0x0000000087f00000, 0x0000000088000000, 0x0000000088000000|100%| O|  |TAMS 0x0000000088000000| PB 0x0000000088000000| Untracked 
|  40|0x0000000088000000, 0x0000000088100000, 0x0000000088100000|100%| O|  |TAMS 0x0000000088000000| PB 0x0000000088000000| Untracked 
|  41|0x0000000088100000, 0x0000000088100000, 0x0000000088200000|  0%| F|  |TAMS 0x0000000088100000| PB 0x0000000088100000| Untracked 
|  42|0x0000000088200000, 0x0000000088300000, 0x0000000088300000|100%| O|  |TAMS 0x0000000088200000| PB 0x0000000088200000| Untracked 
|  43|0x0000000088300000, 0x0000000088400000, 0x0000000088400000|100%| O|  |TAMS 0x0000000088400000| PB 0x0000000088400000| Updating 
|  44|0x0000000088400000, 0x0000000088500000, 0x0000000088500000|100%| O|  |TAMS 0x0000000088400000| PB 0x0000000088400000| Untracked 
|  45|0x0000000088500000, 0x000000008858ed68, 0x0000000088600000| 55%| O|  |TAMS 0x0000000088500000| PB 0x0000000088500000| Untracked 
|  46|0x0000000088600000, 0x0000000088700000, 0x0000000088700000|100%| O|  |TAMS 0x0000000088600000| PB 0x0000000088600000| Untracked 
|  47|0x0000000088700000, 0x0000000088800000, 0x0000000088800000|100%| O|  |TAMS 0x0000000088700000| PB 0x0000000088700000| Updating 
|  48|0x0000000088800000, 0x0000000088800000, 0x0000000088900000|  0%| F|  |TAMS 0x0000000088800000| PB 0x0000000088800000| Untracked 
|  49|0x0000000088900000, 0x0000000088900000, 0x0000000088a00000|  0%| F|  |TAMS 0x0000000088900000| PB 0x0000000088900000| Untracked 
|  50|0x0000000088a00000, 0x0000000088a00000, 0x0000000088b00000|  0%| F|  |TAMS 0x0000000088a00000| PB 0x0000000088a00000| Untracked 
|  51|0x0000000088b00000, 0x0000000088b00000, 0x0000000088c00000|  0%| F|  |TAMS 0x0000000088b00000| PB 0x0000000088b00000| Untracked 
|  52|0x0000000088c00000, 0x0000000088c00000, 0x0000000088d00000|  0%| F|  |TAMS 0x0000000088c00000| PB 0x0000000088c00000| Untracked 
|  53|0x0000000088d00000, 0x0000000088d00000, 0x0000000088e00000|  0%| F|  |TAMS 0x0000000088d00000| PB 0x0000000088d00000| Untracked 
|  54|0x0000000088e00000, 0x0000000088e00000, 0x0000000088f00000|  0%| F|  |TAMS 0x0000000088e00000| PB 0x0000000088e00000| Untracked 
|  55|0x0000000088f00000, 0x0000000088f00000, 0x0000000089000000|  0%| F|  |TAMS 0x0000000088f00000| PB 0x0000000088f00000| Untracked 
|  56|0x0000000089000000, 0x0000000089000000, 0x0000000089100000|  0%| F|  |TAMS 0x0000000089000000| PB 0x0000000089000000| Untracked 
|  57|0x0000000089100000, 0x0000000089100000, 0x0000000089200000|  0%| F|  |TAMS 0x0000000089100000| PB 0x0000000089100000| Untracked 
|  58|0x0000000089200000, 0x0000000089200000, 0x0000000089300000|  0%| F|  |TAMS 0x0000000089200000| PB 0x0000000089200000| Untracked 
|  59|0x0000000089300000, 0x0000000089300000, 0x0000000089400000|  0%| F|  |TAMS 0x0000000089300000| PB 0x0000000089300000| Untracked 
|  60|0x0000000089400000, 0x0000000089400000, 0x0000000089500000|  0%| F|  |TAMS 0x0000000089400000| PB 0x0000000089400000| Untracked 
|  61|0x0000000089500000, 0x0000000089500000, 0x0000000089600000|  0%| F|  |TAMS 0x0000000089500000| PB 0x0000000089500000| Untracked 
|  62|0x0000000089600000, 0x0000000089600000, 0x0000000089700000|  0%| F|  |TAMS 0x0000000089600000| PB 0x0000000089600000| Untracked 
|  63|0x0000000089700000, 0x0000000089700000, 0x0000000089800000|  0%| F|  |TAMS 0x0000000089700000| PB 0x0000000089700000| Untracked 
|  64|0x0000000089800000, 0x0000000089800000, 0x0000000089900000|  0%| F|  |TAMS 0x0000000089800000| PB 0x0000000089800000| Untracked 
|  65|0x0000000089900000, 0x0000000089900000, 0x0000000089a00000|  0%| F|  |TAMS 0x0000000089900000| PB 0x0000000089900000| Untracked 
|  66|0x0000000089a00000, 0x0000000089a00000, 0x0000000089b00000|  0%| F|  |TAMS 0x0000000089a00000| PB 0x0000000089a00000| Untracked 
|  67|0x0000000089b00000, 0x0000000089b00000, 0x0000000089c00000|  0%| F|  |TAMS 0x0000000089b00000| PB 0x0000000089b00000| Untracked 
|  68|0x0000000089c00000, 0x0000000089c00000, 0x0000000089d00000|  0%| F|  |TAMS 0x0000000089c00000| PB 0x0000000089c00000| Untracked 
|  69|0x0000000089d00000, 0x0000000089d00000, 0x0000000089e00000|  0%| F|  |TAMS 0x0000000089d00000| PB 0x0000000089d00000| Untracked 
|  70|0x0000000089e00000, 0x0000000089e00000, 0x0000000089f00000|  0%| F|  |TAMS 0x0000000089e00000| PB 0x0000000089e00000| Untracked 
|  71|0x0000000089f00000, 0x0000000089f00000, 0x000000008a000000|  0%| F|  |TAMS 0x0000000089f00000| PB 0x0000000089f00000| Untracked 
|  72|0x000000008a000000, 0x000000008a000000, 0x000000008a100000|  0%| F|  |TAMS 0x000000008a000000| PB 0x000000008a000000| Untracked 
|  73|0x000000008a100000, 0x000000008a100000, 0x000000008a200000|  0%| F|  |TAMS 0x000000008a100000| PB 0x000000008a100000| Untracked 
|  74|0x000000008a200000, 0x000000008a200000, 0x000000008a300000|  0%| F|  |TAMS 0x000000008a200000| PB 0x000000008a200000| Untracked 
|  75|0x000000008a300000, 0x000000008a300000, 0x000000008a400000|  0%| F|  |TAMS 0x000000008a300000| PB 0x000000008a300000| Untracked 
|  76|0x000000008a400000, 0x000000008a400000, 0x000000008a500000|  0%| F|  |TAMS 0x000000008a400000| PB 0x000000008a400000| Untracked 
|  77|0x000000008a500000, 0x000000008a500000, 0x000000008a600000|  0%| F|  |TAMS 0x000000008a500000| PB 0x000000008a500000| Untracked 
|  78|0x000000008a600000, 0x000000008a600000, 0x000000008a700000|  0%| F|  |TAMS 0x000000008a600000| PB 0x000000008a600000| Untracked 
|  79|0x000000008a700000, 0x000000008a700000, 0x000000008a800000|  0%| F|  |TAMS 0x000000008a700000| PB 0x000000008a700000| Untracked 
|  80|0x000000008a800000, 0x000000008a800000, 0x000000008a900000|  0%| F|  |TAMS 0x000000008a800000| PB 0x000000008a800000| Untracked 
|  81|0x000000008a900000, 0x000000008a900000, 0x000000008aa00000|  0%| F|  |TAMS 0x000000008a900000| PB 0x000000008a900000| Untracked 
|  82|0x000000008aa00000, 0x000000008aa00000, 0x000000008ab00000|  0%| F|  |TAMS 0x000000008aa00000| PB 0x000000008aa00000| Untracked 
|  83|0x000000008ab00000, 0x000000008ab00000, 0x000000008ac00000|  0%| F|  |TAMS 0x000000008ab00000| PB 0x000000008ab00000| Untracked 
|  84|0x000000008ac00000, 0x000000008ac00000, 0x000000008ad00000|  0%| F|  |TAMS 0x000000008ac00000| PB 0x000000008ac00000| Untracked 
|  85|0x000000008ad00000, 0x000000008ad00000, 0x000000008ae00000|  0%| F|  |TAMS 0x000000008ad00000| PB 0x000000008ad00000| Untracked 
|  86|0x000000008ae00000, 0x000000008ae00000, 0x000000008af00000|  0%| F|  |TAMS 0x000000008ae00000| PB 0x000000008ae00000| Untracked 
|  87|0x000000008af00000, 0x000000008af00000, 0x000000008b000000|  0%| F|  |TAMS 0x000000008af00000| PB 0x000000008af00000| Untracked 
|  88|0x000000008b000000, 0x000000008b000000, 0x000000008b100000|  0%| F|  |TAMS 0x000000008b000000| PB 0x000000008b000000| Untracked 
|  89|0x000000008b100000, 0x000000008b100000, 0x000000008b200000|  0%| F|  |TAMS 0x000000008b100000| PB 0x000000008b100000| Untracked 
|  90|0x000000008b200000, 0x000000008b200000, 0x000000008b300000|  0%| F|  |TAMS 0x000000008b200000| PB 0x000000008b200000| Untracked 
|  91|0x000000008b300000, 0x000000008b300000, 0x000000008b400000|  0%| F|  |TAMS 0x000000008b300000| PB 0x000000008b300000| Untracked 
|  92|0x000000008b400000, 0x000000008b400000, 0x000000008b500000|  0%| F|  |TAMS 0x000000008b400000| PB 0x000000008b400000| Untracked 
|  93|0x000000008b500000, 0x000000008b600000, 0x000000008b600000|100%| S|CS|TAMS 0x000000008b500000| PB 0x000000008b500000| Complete 
|  94|0x000000008b600000, 0x000000008b700000, 0x000000008b700000|100%| S|CS|TAMS 0x000000008b600000| PB 0x000000008b600000| Complete 
|  95|0x000000008b700000, 0x000000008b800000, 0x000000008b800000|100%| S|CS|TAMS 0x000000008b700000| PB 0x000000008b700000| Complete 
|  96|0x000000008b800000, 0x000000008b800000, 0x000000008b900000|  0%| F|  |TAMS 0x000000008b800000| PB 0x000000008b800000| Untracked 
|  97|0x000000008b900000, 0x000000008b900000, 0x000000008ba00000|  0%| F|  |TAMS 0x000000008b900000| PB 0x000000008b900000| Untracked 
|  98|0x000000008ba00000, 0x000000008ba00000, 0x000000008bb00000|  0%| F|  |TAMS 0x000000008ba00000| PB 0x000000008ba00000| Untracked 
|  99|0x000000008bb00000, 0x000000008bb00000, 0x000000008bc00000|  0%| F|  |TAMS 0x000000008bb00000| PB 0x000000008bb00000| Untracked 
| 100|0x000000008bc00000, 0x000000008bc00000, 0x000000008bd00000|  0%| F|  |TAMS 0x000000008bc00000| PB 0x000000008bc00000| Untracked 
| 101|0x000000008bd00000, 0x000000008bd00000, 0x000000008be00000|  0%| F|  |TAMS 0x000000008bd00000| PB 0x000000008bd00000| Untracked 
| 102|0x000000008be00000, 0x000000008be00000, 0x000000008bf00000|  0%| F|  |TAMS 0x000000008be00000| PB 0x000000008be00000| Untracked 
| 103|0x000000008bf00000, 0x000000008bf00000, 0x000000008c000000|  0%| F|  |TAMS 0x000000008bf00000| PB 0x000000008bf00000| Untracked 
| 104|0x000000008c000000, 0x000000008c000000, 0x000000008c100000|  0%| F|  |TAMS 0x000000008c000000| PB 0x000000008c000000| Untracked 
| 105|0x000000008c100000, 0x000000008c100000, 0x000000008c200000|  0%| F|  |TAMS 0x000000008c100000| PB 0x000000008c100000| Untracked 
| 106|0x000000008c200000, 0x000000008c200000, 0x000000008c300000|  0%| F|  |TAMS 0x000000008c200000| PB 0x000000008c200000| Untracked 
| 107|0x000000008c300000, 0x000000008c300000, 0x000000008c400000|  0%| F|  |TAMS 0x000000008c300000| PB 0x000000008c300000| Untracked 
| 108|0x000000008c400000, 0x000000008c400000, 0x000000008c500000|  0%| F|  |TAMS 0x000000008c400000| PB 0x000000008c400000| Untracked 
| 109|0x000000008c500000, 0x000000008c500000, 0x000000008c600000|  0%| F|  |TAMS 0x000000008c500000| PB 0x000000008c500000| Untracked 
| 110|0x000000008c600000, 0x000000008c600000, 0x000000008c700000|  0%| F|  |TAMS 0x000000008c600000| PB 0x000000008c600000| Untracked 
| 111|0x000000008c700000, 0x000000008c700000, 0x000000008c800000|  0%| F|  |TAMS 0x000000008c700000| PB 0x000000008c700000| Untracked 
| 112|0x000000008c800000, 0x000000008c800000, 0x000000008c900000|  0%| F|  |TAMS 0x000000008c800000| PB 0x000000008c800000| Untracked 
| 113|0x000000008c900000, 0x000000008c900000, 0x000000008ca00000|  0%| F|  |TAMS 0x000000008c900000| PB 0x000000008c900000| Untracked 
| 114|0x000000008ca00000, 0x000000008ca00000, 0x000000008cb00000|  0%| F|  |TAMS 0x000000008ca00000| PB 0x000000008ca00000| Untracked 
| 115|0x000000008cb00000, 0x000000008cb00000, 0x000000008cc00000|  0%| F|  |TAMS 0x000000008cb00000| PB 0x000000008cb00000| Untracked 
| 116|0x000000008cc00000, 0x000000008cc00000, 0x000000008cd00000|  0%| F|  |TAMS 0x000000008cc00000| PB 0x000000008cc00000| Untracked 
| 117|0x000000008cd00000, 0x000000008cd00000, 0x000000008ce00000|  0%| F|  |TAMS 0x000000008cd00000| PB 0x000000008cd00000| Untracked 
| 118|0x000000008ce00000, 0x000000008ce00000, 0x000000008cf00000|  0%| F|  |TAMS 0x000000008ce00000| PB 0x000000008ce00000| Untracked 
| 119|0x000000008cf00000, 0x000000008cf00000, 0x000000008d000000|  0%| F|  |TAMS 0x000000008cf00000| PB 0x000000008cf00000| Untracked 
| 120|0x000000008d000000, 0x000000008d000000, 0x000000008d100000|  0%| F|  |TAMS 0x000000008d000000| PB 0x000000008d000000| Untracked 
| 121|0x000000008d100000, 0x000000008d100000, 0x000000008d200000|  0%| F|  |TAMS 0x000000008d100000| PB 0x000000008d100000| Untracked 
| 122|0x000000008d200000, 0x000000008d200000, 0x000000008d300000|  0%| F|  |TAMS 0x000000008d200000| PB 0x000000008d200000| Untracked 
| 123|0x000000008d300000, 0x000000008d300000, 0x000000008d400000|  0%| F|  |TAMS 0x000000008d300000| PB 0x000000008d300000| Untracked 
|1957|0x00000000ffd00000, 0x00000000ffd00000, 0x00000000ffe00000|  0%| F|  |TAMS 0x00000000ffd00000| PB 0x00000000ffd00000| Untracked 
|1958|0x00000000ffe00000, 0x00000000fff00000, 0x00000000fff00000|100%| O|  |TAMS 0x00000000fff00000| PB 0x00000000ffe00000| Updating 
|1959|0x00000000fff00000, 0x0000000100000000, 0x0000000100000000|100%| O|  |TAMS 0x0000000100000000| PB 0x00000000fff00000| Updating 

Card table byte_map: [0x00000205ab6e0000,0x00000205abac0000] _byte_map_base: 0x00000205ab2b4000

Marking Bits: (CMBitMap*) 0x00000205a475f3e0
 Bits: [0x00000205abac0000, 0x00000205ad960000)

Polling page: 0x00000205a2630000

Metaspace:

Usage:
  Non-class:     78.06 MB used.
      Class:     12.06 MB used.
       Both:     90.13 MB used.

Virtual space:
  Non-class space:      128.00 MB reserved,      78.50 MB ( 61%) committed,  2 nodes.
      Class space:        1.00 GB reserved,      12.38 MB (  1%) committed,  1 nodes.
             Both:        1.12 GB reserved,      90.88 MB (  8%) committed. 

Chunk freelists:
   Non-Class:  579.00 KB
       Class:  3.45 MB
        Both:  4.02 MB

MaxMetaspaceSize: unlimited
CompressedClassSpaceSize: 1.00 GB
Initial GC threshold: 21.00 MB
Current GC threshold: 151.50 MB
CDS: off
 - commit_granule_bytes: 65536.
 - commit_granule_words: 8192.
 - virtual_space_node_default_size: 8388608.
 - enlarge_chunks_in_place: 1.
 - use_allocation_guard: 0.


Internal statistics:

num_allocs_failed_limit: 9.
num_arena_births: 1134.
num_arena_deaths: 2.
num_vsnodes_births: 3.
num_vsnodes_deaths: 0.
num_space_committed: 1454.
num_space_uncommitted: 0.
num_chunks_returned_to_freelist: 12.
num_chunks_taken_from_freelist: 3992.
num_chunk_merges: 6.
num_chunk_splits: 2936.
num_chunks_enlarged: 2307.
num_inconsistent_stats: 0.

CodeCache: size=49152Kb used=13471Kb max_used=13829Kb free=35680Kb
 bounds [0x00000205a81f0000, 0x00000205a8f80000, 0x00000205ab1f0000]
 total_blobs=7006 nmethods=6231 adapters=696
 compilation: enabled
              stopped_count=0, restarted_count=0
 full_count=0

Compilation events (20 events):
Event: 7.882 Thread 0x00000205b04c6d00 nmethod 7067 0x00000205a8443a90 code [0x00000205a8443c40, 0x00000205a8443e28]
Event: 7.883 Thread 0x00000205b0674ba0 7068       1       java.io.File::getCanonicalPath (31 bytes)
Event: 7.883 Thread 0x00000205b04c6d00 7069       1       java.io.File::isFile (34 bytes)
Event: 7.883 Thread 0x00000205b0674ba0 nmethod 7068 0x00000205a878c690 code [0x00000205a878c860, 0x00000205a878ca48]
Event: 7.884 Thread 0x00000205b04c6d00 nmethod 7069 0x00000205a886a390 code [0x00000205a886a580, 0x00000205a886a788]
Event: 7.884 Thread 0x00000205b04c6d00 7070       1       nonapi.io.github.classgraph.fileslice.reader.RandomAccessFileChannelReader::readInt (78 bytes)
Event: 7.884 Thread 0x00000205b0674ba0 7071       1       java.util.AbstractMap$SimpleEntry::getKey (5 bytes)
Event: 7.884 Thread 0x00000205b04c6d00 nmethod 7070 0x00000205a8829610 code [0x00000205a88297c0, 0x00000205a88299c8]
Event: 7.884 Thread 0x00000205b0674ba0 nmethod 7071 0x00000205a8306810 code [0x00000205a83069a0, 0x00000205a8306a68]
Event: 7.885 Thread 0x00000205b0674ba0 7072       1       sun.nio.fs.WindowsPath::hashCode (52 bytes)
Event: 7.885 Thread 0x00000205b04c6d00 7073   !   1       java.io.WinNTFileSystem::canonicalize (199 bytes)
Event: 7.885 Thread 0x00000205b0674ba0 nmethod 7072 0x00000205a88a8410 code [0x00000205a88a85e0, 0x00000205a88a8890]
Event: 7.886 Thread 0x00000205b04c6d00 nmethod 7073 0x00000205a89a0c90 code [0x00000205a89a0f80, 0x00000205a89a1cb0]
Event: 7.887 Thread 0x00000205b0673e00 nmethod 7066% 0x00000205a8944910 code [0x00000205a89453c0, 0x00000205a8949778]
Event: 7.893 Thread 0x00000205b04c6d00 7075       1       java.util.concurrent.CountDownLatch::<init> (31 bytes)
Event: 7.893 Thread 0x00000205b04c6d00 nmethod 7075 0x00000205a8315a90 code [0x00000205a8315c40, 0x00000205a8315e68]
Event: 7.895 Thread 0x00000205b06744d0 7076   !   1       java.util.zip.Inflater::needsDictionary (19 bytes)
Event: 7.895 Thread 0x00000205b06744d0 nmethod 7076 0x00000205a8311590 code [0x00000205a8311720, 0x00000205a83118d8]
Event: 7.897 Thread 0x00000205b06744d0 7077       1       java.util.concurrent.locks.AbstractQueuedSynchronizer$ConditionObject::signal (34 bytes)
Event: 7.897 Thread 0x00000205b06744d0 nmethod 7077 0x00000205a8863c90 code [0x00000205a8863e60, 0x00000205a8864038]

GC Heap History (20 events):
Event: 4.131 GC heap after
{Heap after GC invocations=13 (full 0):
 garbage-first heap   total 73728K, used 28668K [0x0000000085800000, 0x0000000100000000)
  region size 1024K, 5 young (5120K), 5 survivors (5120K)
 Metaspace       used 50866K, committed 51392K, reserved 1114112K
  class space    used 6450K, committed 6720K, reserved 1048576K
}
Event: 4.469 GC heap before
{Heap before GC invocations=13 (full 0):
 garbage-first heap   total 73728K, used 68604K [0x0000000085800000, 0x0000000100000000)
  region size 1024K, 39 young (39936K), 5 survivors (5120K)
 Metaspace       used 53866K, committed 54464K, reserved 1114112K
  class space    used 6764K, committed 7040K, reserved 1048576K
}
Event: 4.475 GC heap after
{Heap after GC invocations=14 (full 0):
 garbage-first heap   total 79872K, used 33273K [0x0000000085800000, 0x0000000100000000)
  region size 1024K, 5 young (5120K), 5 survivors (5120K)
 Metaspace       used 53866K, committed 54464K, reserved 1114112K
  class space    used 6764K, committed 7040K, reserved 1048576K
}
Event: 4.794 GC heap before
{Heap before GC invocations=14 (full 0):
 garbage-first heap   total 79872K, used 48633K [0x0000000085800000, 0x0000000100000000)
  region size 1024K, 21 young (21504K), 5 survivors (5120K)
 Metaspace       used 59624K, committed 60160K, reserved 1114112K
  class space    used 7429K, committed 7680K, reserved 1048576K
}
Event: 4.798 GC heap after
{Heap after GC invocations=15 (full 0):
 garbage-first heap   total 79872K, used 35021K [0x0000000085800000, 0x0000000100000000)
  region size 1024K, 2 young (2048K), 2 survivors (2048K)
 Metaspace       used 59624K, committed 60160K, reserved 1114112K
  class space    used 7429K, committed 7680K, reserved 1048576K
}
Event: 5.396 GC heap before
{Heap before GC invocations=16 (full 0):
 garbage-first heap   total 79872K, used 68813K [0x0000000085800000, 0x0000000100000000)
  region size 1024K, 35 young (35840K), 2 survivors (2048K)
 Metaspace       used 66658K, committed 67264K, reserved 1114112K
  class space    used 8548K, committed 8832K, reserved 1048576K
}
Event: 5.400 GC heap after
{Heap after GC invocations=17 (full 0):
 garbage-first heap   total 79872K, used 37341K [0x0000000085800000, 0x0000000100000000)
  region size 1024K, 5 young (5120K), 5 survivors (5120K)
 Metaspace       used 66658K, committed 67264K, reserved 1114112K
  class space    used 8548K, committed 8832K, reserved 1048576K
}
Event: 5.885 GC heap before
{Heap before GC invocations=17 (full 0):
 garbage-first heap   total 79872K, used 68061K [0x0000000085800000, 0x0000000100000000)
  region size 1024K, 35 young (35840K), 5 survivors (5120K)
 Metaspace       used 74045K, committed 74624K, reserved 1114112K
  class space    used 9581K, committed 9856K, reserved 1048576K
}
Event: 5.890 GC heap after
{Heap after GC invocations=18 (full 0):
 garbage-first heap   total 79872K, used 38735K [0x0000000085800000, 0x0000000100000000)
  region size 1024K, 5 young (5120K), 5 survivors (5120K)
 Metaspace       used 74045K, committed 74624K, reserved 1114112K
  class space    used 9581K, committed 9856K, reserved 1048576K
}
Event: 6.434 GC heap before
{Heap before GC invocations=18 (full 0):
 garbage-first heap   total 79872K, used 68431K [0x0000000085800000, 0x0000000100000000)
  region size 1024K, 34 young (34816K), 5 survivors (5120K)
 Metaspace       used 82758K, committed 83456K, reserved 1179648K
  class space    used 10997K, committed 11328K, reserved 1048576K
}
Event: 6.440 GC heap after
{Heap after GC invocations=19 (full 0):
 garbage-first heap   total 79872K, used 39780K [0x0000000085800000, 0x0000000100000000)
  region size 1024K, 3 young (3072K), 3 survivors (3072K)
 Metaspace       used 82758K, committed 83456K, reserved 1179648K
  class space    used 10997K, committed 11328K, reserved 1048576K
}
Event: 7.039 GC heap before
{Heap before GC invocations=19 (full 0):
 garbage-first heap   total 79872K, used 71524K [0x0000000085800000, 0x0000000100000000)
  region size 1024K, 34 young (34816K), 3 survivors (3072K)
 Metaspace       used 87679K, committed 88448K, reserved 1179648K
  class space    used 11638K, committed 11968K, reserved 1048576K
}
Event: 7.044 GC heap after
{Heap after GC invocations=20 (full 0):
 garbage-first heap   total 79872K, used 42798K [0x0000000085800000, 0x0000000100000000)
  region size 1024K, 5 young (5120K), 5 survivors (5120K)
 Metaspace       used 87679K, committed 88448K, reserved 1179648K
  class space    used 11638K, committed 11968K, reserved 1048576K
}
Event: 7.386 GC heap before
{Heap before GC invocations=21 (full 0):
 garbage-first heap   total 79872K, used 68398K [0x0000000085800000, 0x0000000100000000)
  region size 1024K, 30 young (30720K), 5 survivors (5120K)
 Metaspace       used 89285K, committed 90048K, reserved 1179648K
  class space    used 11950K, committed 12288K, reserved 1048576K
}
Event: 7.391 GC heap after
{Heap after GC invocations=22 (full 0):
 garbage-first heap   total 79872K, used 44541K [0x0000000085800000, 0x0000000100000000)
  region size 1024K, 2 young (2048K), 2 survivors (2048K)
 Metaspace       used 89285K, committed 90048K, reserved 1179648K
  class space    used 11950K, committed 12288K, reserved 1048576K
}
Event: 7.801 GC heap before
{Heap before GC invocations=22 (full 0):
 garbage-first heap   total 79872K, used 72189K [0x0000000085800000, 0x0000000100000000)
  region size 1024K, 29 young (29696K), 2 survivors (2048K)
 Metaspace       used 92106K, committed 92928K, reserved 1179648K
  class space    used 12336K, committed 12672K, reserved 1048576K
}
Event: 7.804 GC heap after
{Heap after GC invocations=23 (full 0):
 garbage-first heap   total 79872K, used 46703K [0x0000000085800000, 0x0000000100000000)
  region size 1024K, 4 young (4096K), 4 survivors (4096K)
 Metaspace       used 92106K, committed 92928K, reserved 1179648K
  class space    used 12336K, committed 12672K, reserved 1048576K
}
Event: 7.828 GC heap before
{Heap before GC invocations=23 (full 0):
 garbage-first heap   total 79872K, used 48751K [0x0000000085800000, 0x0000000100000000)
  region size 1024K, 7 young (7168K), 4 survivors (4096K)
 Metaspace       used 92266K, committed 93056K, reserved 1179648K
  class space    used 12350K, committed 12672K, reserved 1048576K
}
Event: 7.833 GC heap after
{Heap after GC invocations=24 (full 0):
 garbage-first heap   total 79872K, used 47974K [0x0000000085800000, 0x0000000100000000)
  region size 1024K, 2 young (2048K), 2 survivors (2048K)
 Metaspace       used 92266K, committed 93056K, reserved 1179648K
  class space    used 12350K, committed 12672K, reserved 1048576K
}
Event: 7.898 GC heap before
{Heap before GC invocations=24 (full 0):
 garbage-first heap   total 111616K, used 70502K [0x0000000085800000, 0x0000000100000000)
  region size 1024K, 24 young (24576K), 2 survivors (2048K)
 Metaspace       used 92290K, committed 93056K, reserved 1179648K
  class space    used 12353K, committed 12672K, reserved 1048576K
}

Dll operation events (11 events):
Event: 0.005 Loaded shared library E:\program\sts-4.24.0.RELEASE\plugins\org.eclipse.justj.openjdk.hotspot.jre.full.win32.x86_64_21.0.3.v20240426-1530\jre\bin\java.dll
Event: 0.010 Loaded shared library E:\program\sts-4.24.0.RELEASE\plugins\org.eclipse.justj.openjdk.hotspot.jre.full.win32.x86_64_21.0.3.v20240426-1530\jre\bin\zip.dll
Event: 0.173 Loaded shared library E:\program\sts-4.24.0.RELEASE\plugins\org.eclipse.justj.openjdk.hotspot.jre.full.win32.x86_64_21.0.3.v20240426-1530\jre\bin\jimage.dll
Event: 0.183 Loaded shared library E:\program\sts-4.24.0.RELEASE\plugins\org.eclipse.justj.openjdk.hotspot.jre.full.win32.x86_64_21.0.3.v20240426-1530\jre\bin\net.dll
Event: 0.184 Loaded shared library E:\program\sts-4.24.0.RELEASE\plugins\org.eclipse.justj.openjdk.hotspot.jre.full.win32.x86_64_21.0.3.v20240426-1530\jre\bin\nio.dll
Event: 0.188 Loaded shared library E:\program\sts-4.24.0.RELEASE\plugins\org.eclipse.justj.openjdk.hotspot.jre.full.win32.x86_64_21.0.3.v20240426-1530\jre\bin\zip.dll
Event: 0.276 Loaded shared library E:\program\sts-4.24.0.RELEASE\plugins\org.eclipse.justj.openjdk.hotspot.jre.full.win32.x86_64_21.0.3.v20240426-1530\jre\bin\management.dll
Event: 0.288 Loaded shared library E:\program\sts-4.24.0.RELEASE\plugins\org.eclipse.justj.openjdk.hotspot.jre.full.win32.x86_64_21.0.3.v20240426-1530\jre\bin\management_ext.dll
Event: 0.474 Loaded shared library E:\program\sts-4.24.0.RELEASE\plugins\org.eclipse.justj.openjdk.hotspot.jre.full.win32.x86_64_21.0.3.v20240426-1530\jre\bin\extnet.dll
Event: 3.004 Loaded shared library E:\program\sts-4.24.0.RELEASE\plugins\org.eclipse.justj.openjdk.hotspot.jre.full.win32.x86_64_21.0.3.v20240426-1530\jre\bin\sunmscapi.dll
Event: 5.206 Loaded shared library E:\program\sts-4.24.0.RELEASE\plugins\org.eclipse.justj.openjdk.hotspot.jre.full.win32.x86_64_21.0.3.v20240426-1530\jre\bin\verify.dll

Deoptimization events (4 events):
Event: 6.691 Thread 0x00000205b5e5b1e0 DEOPT PACKING pc=0x00000205a88c3671 sp=0x0000000c412fa500
Event: 6.691 Thread 0x00000205b5e5b1e0 DEOPT UNPACKING pc=0x00000205a82488e2 sp=0x0000000c412f9a08 mode 3
Event: 6.767 Thread 0x00000205b5e5b1e0 DEOPT PACKING pc=0x00000205a88a738c sp=0x0000000c412fa970
Event: 6.767 Thread 0x00000205b5e5b1e0 DEOPT UNPACKING pc=0x00000205a82488e2 sp=0x0000000c412f9ec8 mode 0

Classes loaded (20 events):
Event: 7.750 Loading class sun/misc/Unsafe
Event: 7.751 Loading class sun/misc/Unsafe done
Event: 7.773 Loading class java/lang/LayerInstantiationException
Event: 7.773 Loading class java/lang/LayerInstantiationException done
Event: 7.774 Loading class jdk/internal/loader/Loader
Event: 7.774 Loading class jdk/internal/loader/Loader done
Event: 7.782 Loading class java/io/IOError
Event: 7.782 Loading class java/io/IOError done
Event: 7.794 Loading class java/util/regex/Pattern$BackRef
Event: 7.794 Loading class java/util/regex/Pattern$BackRef done
Event: 7.813 Loading class sun/nio/fs/WindowsLinkSupport
Event: 7.813 Loading class sun/nio/fs/WindowsLinkSupport done
Event: 7.827 Loading class java/nio/channels/spi/AbstractInterruptibleChannel$1
Event: 7.827 Loading class sun/nio/ch/Interruptible
Event: 7.827 Loading class sun/nio/ch/Interruptible done
Event: 7.827 Loading class java/nio/channels/spi/AbstractInterruptibleChannel$1 done
Event: 7.835 Loading class java/nio/ReadOnlyBufferException
Event: 7.835 Loading class java/nio/ReadOnlyBufferException done
Event: 7.839 Loading class java/util/zip/DataFormatException
Event: 7.839 Loading class java/util/zip/DataFormatException done

Classes unloaded (1 events):
Event: 7.874 Thread 0x00000205b03f8910 Unloading class 0x0000000100bb8800 'jdk/internal/reflect/GeneratedSerializationConstructorAccessor18'

Classes redefined (0 events):
No events

Internal exceptions (20 events):
Event: 7.821 Thread 0x00000205bd6aedd0 Exception <a 'sun/nio/fs/WindowsException'{0x000000008c55e0d0}> (0x000000008c55e0d0) 
thrown [s\src\hotspot\share\prims\jni.cpp, line 520]
Event: 7.821 Thread 0x00000205bd6aedd0 Exception <a 'sun/nio/fs/WindowsException'{0x000000008c55e330}> (0x000000008c55e330) 
thrown [s\src\hotspot\share\prims\jni.cpp, line 520]
Event: 7.821 Thread 0x00000205bd6aedd0 Exception <a 'sun/nio/fs/WindowsException'{0x000000008c55ec10}> (0x000000008c55ec10) 
thrown [s\src\hotspot\share\prims\jni.cpp, line 520]
Event: 7.821 Thread 0x00000205bd6aedd0 Exception <a 'sun/nio/fs/WindowsException'{0x000000008c55eea8}> (0x000000008c55eea8) 
thrown [s\src\hotspot\share\prims\jni.cpp, line 520]
Event: 7.821 Thread 0x00000205bd6aedd0 Exception <a 'sun/nio/fs/WindowsException'{0x000000008c55f760}> (0x000000008c55f760) 
thrown [s\src\hotspot\share\prims\jni.cpp, line 520]
Event: 7.821 Thread 0x00000205bd6aedd0 Exception <a 'sun/nio/fs/WindowsException'{0x000000008c55f9c8}> (0x000000008c55f9c8) 
thrown [s\src\hotspot\share\prims\jni.cpp, line 520]
Event: 7.821 Thread 0x00000205bd6aedd0 Exception <a 'sun/nio/fs/WindowsException'{0x000000008c560258}> (0x000000008c560258) 
thrown [s\src\hotspot\share\prims\jni.cpp, line 520]
Event: 7.821 Thread 0x00000205bd6aedd0 Exception <a 'sun/nio/fs/WindowsException'{0x000000008c560488}> (0x000000008c560488) 
thrown [s\src\hotspot\share\prims\jni.cpp, line 520]
Event: 7.821 Thread 0x00000205bd6aedd0 Exception <a 'sun/nio/fs/WindowsException'{0x000000008c560d20}> (0x000000008c560d20) 
thrown [s\src\hotspot\share\prims\jni.cpp, line 520]
Event: 7.821 Thread 0x00000205bd6aedd0 Exception <a 'sun/nio/fs/WindowsException'{0x000000008c560f60}> (0x000000008c560f60) 
thrown [s\src\hotspot\share\prims\jni.cpp, line 520]
Event: 7.821 Thread 0x00000205bd6aedd0 Exception <a 'sun/nio/fs/WindowsException'{0x000000008c561828}> (0x000000008c561828) 
thrown [s\src\hotspot\share\prims\jni.cpp, line 520]
Event: 7.821 Thread 0x00000205bd6aedd0 Exception <a 'sun/nio/fs/WindowsException'{0x000000008c561a60}> (0x000000008c561a60) 
thrown [s\src\hotspot\share\prims\jni.cpp, line 520]
Event: 7.821 Thread 0x00000205bd6aedd0 Exception <a 'sun/nio/fs/WindowsException'{0x000000008c5622f8}> (0x000000008c5622f8) 
thrown [s\src\hotspot\share\prims\jni.cpp, line 520]
Event: 7.821 Thread 0x00000205bd6aedd0 Exception <a 'sun/nio/fs/WindowsException'{0x000000008c562538}> (0x000000008c562538) 
thrown [s\src\hotspot\share\prims\jni.cpp, line 520]
Event: 7.821 Thread 0x00000205bd6aedd0 Exception <a 'sun/nio/fs/WindowsException'{0x000000008c562df0}> (0x000000008c562df0) 
thrown [s\src\hotspot\share\prims\jni.cpp, line 520]
Event: 7.821 Thread 0x00000205bd6aedd0 Exception <a 'sun/nio/fs/WindowsException'{0x000000008c563058}> (0x000000008c563058) 
thrown [s\src\hotspot\share\prims\jni.cpp, line 520]
Event: 7.821 Thread 0x00000205bd6aedd0 Exception <a 'sun/nio/fs/WindowsException'{0x000000008c563920}> (0x000000008c563920) 
thrown [s\src\hotspot\share\prims\jni.cpp, line 520]
Event: 7.821 Thread 0x00000205bd6aedd0 Exception <a 'sun/nio/fs/WindowsException'{0x000000008c563ba0}> (0x000000008c563ba0) 
thrown [s\src\hotspot\share\prims\jni.cpp, line 520]
Event: 7.821 Thread 0x00000205bd6aedd0 Exception <a 'sun/nio/fs/WindowsException'{0x000000008c564460}> (0x000000008c564460) 
thrown [s\src\hotspot\share\prims\jni.cpp, line 520]
Event: 7.821 Thread 0x00000205bd6aedd0 Exception <a 'sun/nio/fs/WindowsException'{0x000000008c5646d0}> (0x000000008c5646d0) 
thrown [s\src\hotspot\share\prims\jni.cpp, line 520]

ZGC Phase Switch (0 events):
No events

VM Operations (20 events):
Event: 7.076 Executing VM operation: G1PauseRemark done
Event: 7.089 Executing VM operation: G1PauseCleanup
Event: 7.089 Executing VM operation: G1PauseCleanup done
Event: 7.386 Executing VM operation: G1CollectForAllocation (G1 Evacuation Pause)
Event: 7.391 Executing VM operation: G1CollectForAllocation (G1 Evacuation Pause) done
Event: 7.572 Executing VM operation: HandshakeAllThreads (Deoptimize)
Event: 7.572 Executing VM operation: HandshakeAllThreads (Deoptimize) done
Event: 7.582 Executing VM operation: HandshakeAllThreads (Deoptimize)
Event: 7.582 Executing VM operation: HandshakeAllThreads (Deoptimize) done
Event: 7.599 Executing VM operation: HandshakeAllThreads (Deoptimize)
Event: 7.599 Executing VM operation: HandshakeAllThreads (Deoptimize) done
Event: 7.600 Executing VM operation: HandshakeAllThreads (Deoptimize)
Event: 7.600 Executing VM operation: HandshakeAllThreads (Deoptimize) done
Event: 7.801 Executing VM operation: G1CollectForAllocation (G1 Evacuation Pause)
Event: 7.804 Executing VM operation: G1CollectForAllocation (G1 Evacuation Pause) done
Event: 7.828 Executing VM operation: G1TryInitiateConcMark (G1 Humongous Allocation)
Event: 7.833 Executing VM operation: G1TryInitiateConcMark (G1 Humongous Allocation) done
Event: 7.873 Executing VM operation: G1PauseRemark
Event: 7.884 Executing VM operation: G1PauseRemark done
Event: 7.898 Executing VM operation: G1CollectForAllocation (G1 Evacuation Pause)

Events (20 events):
Event: 7.881 Thread 0x00000205b03f8910 flushing nmethod 0x00000205a8703110
Event: 7.881 Thread 0x00000205b03f8910 flushing nmethod 0x00000205a86c2110
Event: 7.881 Thread 0x00000205b03f8910 flushing nmethod 0x00000205a86bf010
Event: 7.881 Thread 0x00000205b03f8910 flushing nmethod 0x00000205a869f790
Event: 7.881 Thread 0x00000205b03f8910 flushing nmethod 0x00000205a8693990
Event: 7.881 Thread 0x00000205b03f8910 flushing nmethod 0x00000205a867d110
Event: 7.881 Thread 0x00000205b03f8910 flushing nmethod 0x00000205a84ddb90
Event: 7.881 Thread 0x00000205b03f8910 flushing nmethod 0x00000205a84c1e90
Event: 7.881 Thread 0x00000205b03f8910 flushing nmethod 0x00000205a84a4f10
Event: 7.881 Thread 0x00000205b03f8910 flushing nmethod 0x00000205a848a390
Event: 7.881 Thread 0x00000205b03f8910 flushing nmethod 0x00000205a8490010
Event: 7.881 Thread 0x00000205b03f8910 flushing nmethod 0x00000205a8467990
Event: 7.881 Thread 0x00000205b03f8910 flushing nmethod 0x00000205a8443a90
Event: 7.881 Thread 0x00000205b03f8910 flushing nmethod 0x00000205a8416890
Event: 7.881 Thread 0x00000205b03f8910 flushing nmethod 0x00000205a840d810
Event: 7.881 Thread 0x00000205b03f8910 flushing nmethod 0x00000205a83e6e10
Event: 7.881 Thread 0x00000205b03f8910 flushing nmethod 0x00000205a8315a90
Event: 7.881 Thread 0x00000205b03f8910 flushing nmethod 0x00000205a8315090
Event: 7.881 Thread 0x00000205b03f8910 flushing nmethod 0x00000205a8311590
Event: 7.881 Thread 0x00000205b03f8910 flushing nmethod 0x00000205a8306810


Dynamic libraries:
0x00007ff796f70000 - 0x00007ff796f7e000 	E:\program\sts-4.24.0.RELEASE\plugins\org.eclipse.justj.openjdk.hotspot.jre.full.win32.x86_64_21.0.3.v20240426-1530\jre\bin\javaw.exe
0x00007ffec1310000 - 0x00007ffec1527000 	C:\WINDOWS\SYSTEM32\ntdll.dll
0x00007ffebfbe0000 - 0x00007ffebfca4000 	C:\WINDOWS\System32\KERNEL32.DLL
0x00007ffebeab0000 - 0x00007ffebee5d000 	C:\WINDOWS\System32\KERNELBASE.dll
0x00007ffebe780000 - 0x00007ffebe891000 	C:\WINDOWS\System32\ucrtbase.dll
0x00007ffe881b0000 - 0x00007ffe881c8000 	E:\program\sts-4.24.0.RELEASE\plugins\org.eclipse.justj.openjdk.hotspot.jre.full.win32.x86_64_21.0.3.v20240426-1530\jre\bin\jli.dll
0x00007ffe87650000 - 0x00007ffe8766b000 	E:\program\sts-4.24.0.RELEASE\plugins\org.eclipse.justj.openjdk.hotspot.jre.full.win32.x86_64_21.0.3.v20240426-1530\jre\bin\VCRUNTIME140.dll
0x00007ffebf4c0000 - 0x00007ffebf66e000 	C:\WINDOWS\System32\USER32.dll
0x00007ffea35b0000 - 0x00007ffea3843000 	C:\WINDOWS\WinSxS\amd64_microsoft.windows.common-controls_6595b64144ccf1df_6.0.22621.3672_none_2713b9d173822955\COMCTL32.dll
0x00007ffebefb0000 - 0x00007ffebefd6000 	C:\WINDOWS\System32\win32u.dll
0x00007ffec0420000 - 0x00007ffec04c7000 	C:\WINDOWS\System32\msvcrt.dll
0x00007ffec04d0000 - 0x00007ffec04f9000 	C:\WINDOWS\System32\GDI32.dll
0x00007ffebee90000 - 0x00007ffebefa9000 	C:\WINDOWS\System32\gdi32full.dll
0x00007ffebea10000 - 0x00007ffebeaaa000 	C:\WINDOWS\System32\msvcp_win.dll
0x00007ffebf470000 - 0x00007ffebf4a1000 	C:\WINDOWS\System32\IMM32.DLL
0x00007ffe87640000 - 0x00007ffe8764c000 	E:\program\sts-4.24.0.RELEASE\plugins\org.eclipse.justj.openjdk.hotspot.jre.full.win32.x86_64_21.0.3.v20240426-1530\jre\bin\vcruntime140_1.dll
0x00007ffe75c20000 - 0x00007ffe75cae000 	E:\program\sts-4.24.0.RELEASE\plugins\org.eclipse.justj.openjdk.hotspot.jre.full.win32.x86_64_21.0.3.v20240426-1530\jre\bin\msvcp140.dll
0x00007ffe72ee0000 - 0x00007ffe73c62000 	E:\program\sts-4.24.0.RELEASE\plugins\org.eclipse.justj.openjdk.hotspot.jre.full.win32.x86_64_21.0.3.v20240426-1530\jre\bin\server\jvm.dll
0x00007ffebf910000 - 0x00007ffebf9c2000 	C:\WINDOWS\System32\ADVAPI32.dll
0x00007ffebfcb0000 - 0x00007ffebfd59000 	C:\WINDOWS\System32\sechost.dll
0x00007ffebee60000 - 0x00007ffebee88000 	C:\WINDOWS\System32\bcrypt.dll
0x00007ffebfac0000 - 0x00007ffebfbd4000 	C:\WINDOWS\System32\RPCRT4.dll
0x00007ffebf870000 - 0x00007ffebf8e1000 	C:\WINDOWS\System32\WS2_32.dll
0x00007ffebe350000 - 0x00007ffebe39d000 	C:\WINDOWS\SYSTEM32\POWRPROF.dll
0x00007ffeb8020000 - 0x00007ffeb8054000 	C:\WINDOWS\SYSTEM32\WINMM.dll
0x00007ffeb77b0000 - 0x00007ffeb77ba000 	C:\WINDOWS\SYSTEM32\VERSION.dll
0x00007ffebe330000 - 0x00007ffebe343000 	C:\WINDOWS\SYSTEM32\UMPDC.dll
0x00007ffebd640000 - 0x00007ffebd658000 	C:\WINDOWS\SYSTEM32\kernel.appcore.dll
0x00007ffea0580000 - 0x00007ffea058a000 	E:\program\sts-4.24.0.RELEASE\plugins\org.eclipse.justj.openjdk.hotspot.jre.full.win32.x86_64_21.0.3.v20240426-1530\jre\bin\jimage.dll
0x00007ffebbdf0000 - 0x00007ffebc022000 	C:\WINDOWS\SYSTEM32\DBGHELP.DLL
0x00007ffebf050000 - 0x00007ffebf3d8000 	C:\WINDOWS\System32\combase.dll
0x00007ffebf9d0000 - 0x00007ffebfaa7000 	C:\WINDOWS\System32\OLEAUT32.dll
0x00007ffe99e60000 - 0x00007ffe99e92000 	C:\WINDOWS\SYSTEM32\dbgcore.DLL
0x00007ffebe700000 - 0x00007ffebe77b000 	C:\WINDOWS\System32\bcryptPrimitives.dll
0x00007ffe9f6d0000 - 0x00007ffe9f6ef000 	E:\program\sts-4.24.0.RELEASE\plugins\org.eclipse.justj.openjdk.hotspot.jre.full.win32.x86_64_21.0.3.v20240426-1530\jre\bin\java.dll
0x00007ffe9f220000 - 0x00007ffe9f238000 	E:\program\sts-4.24.0.RELEASE\plugins\org.eclipse.justj.openjdk.hotspot.jre.full.win32.x86_64_21.0.3.v20240426-1530\jre\bin\zip.dll
0x00007ffec0760000 - 0x00007ffec0fbf000 	C:\WINDOWS\System32\SHELL32.dll
0x00007ffebc540000 - 0x00007ffebce3c000 	C:\WINDOWS\SYSTEM32\windows.storage.dll
0x00007ffebc400000 - 0x00007ffebc53f000 	C:\WINDOWS\SYSTEM32\wintypes.dll
0x00007ffebf680000 - 0x00007ffebf774000 	C:\WINDOWS\System32\SHCORE.dll
0x00007ffebf3e0000 - 0x00007ffebf43e000 	C:\WINDOWS\System32\shlwapi.dll
0x00007ffebe570000 - 0x00007ffebe591000 	C:\WINDOWS\SYSTEM32\profapi.dll
0x00007ffe9dce0000 - 0x00007ffe9dcf0000 	E:\program\sts-4.24.0.RELEASE\plugins\org.eclipse.justj.openjdk.hotspot.jre.full.win32.x86_64_21.0.3.v20240426-1530\jre\bin\net.dll
0x00007ffebae50000 - 0x00007ffebaf86000 	C:\WINDOWS\SYSTEM32\WINHTTP.dll
0x00007ffebdae0000 - 0x00007ffebdb49000 	C:\WINDOWS\system32\mswsock.dll
0x00007ffe88bd0000 - 0x00007ffe88be6000 	E:\program\sts-4.24.0.RELEASE\plugins\org.eclipse.justj.openjdk.hotspot.jre.full.win32.x86_64_21.0.3.v20240426-1530\jre\bin\nio.dll
0x00007ffe87630000 - 0x00007ffe8763a000 	E:\program\sts-4.24.0.RELEASE\plugins\org.eclipse.justj.openjdk.hotspot.jre.full.win32.x86_64_21.0.3.v20240426-1530\jre\bin\management.dll
0x00007ffe87620000 - 0x00007ffe8762b000 	E:\program\sts-4.24.0.RELEASE\plugins\org.eclipse.justj.openjdk.hotspot.jre.full.win32.x86_64_21.0.3.v20240426-1530\jre\bin\management_ext.dll
0x00007ffebf4b0000 - 0x00007ffebf4b8000 	C:\WINDOWS\System32\PSAPI.DLL
0x00007ffe8de10000 - 0x00007ffe8de27000 	C:\WINDOWS\system32\napinsp.dll
0x00007ffe8da40000 - 0x00007ffe8da5b000 	C:\WINDOWS\system32\pnrpnsp.dll
0x00007ffebd110000 - 0x00007ffebd208000 	C:\WINDOWS\SYSTEM32\DNSAPI.dll
0x00007ffebd0a0000 - 0x00007ffebd0cd000 	C:\WINDOWS\SYSTEM32\IPHLPAPI.DLL
0x00007ffebfab0000 - 0x00007ffebfab9000 	C:\WINDOWS\System32\NSI.dll
0x00007ffe8d6e0000 - 0x00007ffe8d6f1000 	C:\WINDOWS\System32\winrnr.dll
0x00007ffe8cb20000 - 0x00007ffe8cb35000 	C:\WINDOWS\system32\wshbth.dll
0x00007ffe8caf0000 - 0x00007ffe8cb17000 	C:\WINDOWS\system32\nlansp_c.dll
0x0000000073a00000 - 0x0000000073a26000 	C:\Program Files\Bonjour\mdnsNSP.dll
0x00007ffeb7780000 - 0x00007ffeb778a000 	C:\Windows\System32\rasadhlp.dll
0x00007ffeb8300000 - 0x00007ffeb8383000 	C:\WINDOWS\System32\fwpuclnt.dll
0x00007ffebdd40000 - 0x00007ffebdd5b000 	C:\WINDOWS\SYSTEM32\CRYPTSP.dll
0x00007ffebd5a0000 - 0x00007ffebd5d5000 	C:\WINDOWS\system32\rsaenh.dll
0x00007ffebdbe0000 - 0x00007ffebdc08000 	C:\WINDOWS\SYSTEM32\USERENV.dll
0x00007ffebdd60000 - 0x00007ffebdd6c000 	C:\WINDOWS\SYSTEM32\CRYPTBASE.dll
0x00007ffe881d0000 - 0x00007ffe881d9000 	E:\program\sts-4.24.0.RELEASE\plugins\org.eclipse.justj.openjdk.hotspot.jre.full.win32.x86_64_21.0.3.v20240426-1530\jre\bin\extnet.dll
0x00007ffe882a0000 - 0x00007ffe882ae000 	E:\program\sts-4.24.0.RELEASE\plugins\org.eclipse.justj.openjdk.hotspot.jre.full.win32.x86_64_21.0.3.v20240426-1530\jre\bin\sunmscapi.dll
0x00007ffebe8a0000 - 0x00007ffebea07000 	C:\WINDOWS\System32\CRYPT32.dll
0x00007ffebdf00000 - 0x00007ffebdf2e000 	C:\WINDOWS\SYSTEM32\ncrypt.dll
0x00007ffebdec0000 - 0x00007ffebdef7000 	C:\WINDOWS\SYSTEM32\NTASN1.dll
0x00007ffe88bb0000 - 0x00007ffe88bc0000 	E:\program\sts-4.24.0.RELEASE\plugins\org.eclipse.justj.openjdk.hotspot.jre.full.win32.x86_64_21.0.3.v20240426-1530\jre\bin\verify.dll

dbghelp: loaded successfully - version: 4.0.5 - missing functions: none
symbol engine: initialized successfully - sym options: 0x614 - pdb path: .;E:\program\sts-4.24.0.RELEASE\plugins\org.eclipse.justj.openjdk.hotspot.jre.full.win32.x86_64_21.0.3.v20240426-1530\jre\bin;C:\WINDOWS\SYSTEM32;C:\WINDOWS\WinSxS\amd64_microsoft.windows.common-controls_6595b64144ccf1df_6.0.22621.3672_none_2713b9d173822955;E:\program\sts-4.24.0.RELEASE\plugins\org.eclipse.justj.openjdk.hotspot.jre.full.win32.x86_64_21.0.3.v20240426-1530\jre\bin\server;C:\Program Files\Bonjour

VM Arguments:
jvm_args: -Dcom.sun.management.jmxremote -Dcom.sun.management.jmxremote.port=53279 -Dcom.sun.management.jmxremote.authenticate=false -Dcom.sun.management.jmxremote.ssl=false -Djava.rmi.server.hostname=localhost -Dspring.jmx.enabled=true -Dmanagement.endpoints.jmx.exposure.include=* -Dspring.application.admin.enabled=true -XX:TieredStopAtLevel=1 -Dspring.boot.project.name=auth-service -Dfile.encoding=UTF-8 -Dstdout.encoding=UTF-8 -Dstderr.encoding=UTF-8 -XX:+ShowCodeDetailsInExceptionMessages 
java_command: com.example.demo.AuthServiceApplication --spring.output.ansi.enabled=always
java_class_path (initial): E:\IamQuan\auth-service\target\classes;C:\Users\quanl\.m2\repository\org\springframework\boot\spring-boot-starter-data-jpa\3.3.2\spring-boot-starter-data-jpa-3.3.2.jar;C:\Users\quanl\.m2\repository\org\springframework\boot\spring-boot-starter-aop\3.3.2\spring-boot-starter-aop-3.3.2.jar;C:\Users\quanl\.m2\repository\org\aspectj\aspectjweaver\1.9.22.1\aspectjweaver-1.9.22.1.jar;C:\Users\quanl\.m2\repository\org\springframework\boot\spring-boot-starter-jdbc\3.3.2\spring-boot-starter-jdbc-3.3.2.jar;C:\Users\quanl\.m2\repository\com\zaxxer\HikariCP\5.1.0\HikariCP-5.1.0.jar;C:\Users\quanl\.m2\repository\org\springframework\spring-jdbc\6.1.11\spring-jdbc-6.1.11.jar;C:\Users\quanl\.m2\repository\org\hibernate\orm\hibernate-core\6.5.2.Final\hibernate-core-6.5.2.Final.jar;C:\Users\quanl\.m2\repository\jakarta\persistence\jakarta.persistence-api\3.1.0\jakarta.persistence-api-3.1.0.jar;C:\Users\quanl\.m2\repository\jakarta\transaction\jakarta.transaction-api\2.0.1\jakarta.transaction-api-2.0.1.jar;C:\Users\quanl\.m2\repository\org\jboss\logging\jboss-logging\3.5.3.Final\jboss-logging-3.5.3.Final.jar;C:\Users\quanl\.m2\repository\org\hibernate\common\hibernate-commons-annotations\6.0.6.Final\hibernate-commons-annotations-6.0.6.Final.jar;C:\Users\quanl\.m2\repository\io\smallrye\jandex\3.1.2\jandex-3.1.2.jar;C:\Users\quanl\.m2\repository\com\fasterxml\classmate\1.7.0\classmate-1.7.0.jar;C:\Users\quanl\.m2\repository\net\bytebuddy\byte-buddy\1.14.18\byte-buddy-1.14.18.jar;C:\Users\quanl\.m2\repository\org\glassfish\jaxb\jaxb-runtime\4.0.5\jaxb-runtime-4.0.5.jar;C:\Users\quanl\.m2\repository\org\glassfish\jaxb\jaxb-core\4.0.5\jaxb-core-4.0.5.jar;C:\Users\quanl\.m2\repository\org\eclipse\angus\angus-activation\2.0.2\angus-activation-2.0.2.jar;C:\Users\quanl\.m2\repository\org\glassfish\jaxb\txw2\4.0.5\txw2-4.0.5.jar;C:\Users\quanl\.m2\repository\com\sun\istack\istack-commons-runtime\4.1.2\istack-commons-runtime-4.1.2.jar;C:\Users\quanl\.m2\repository\jakarta\inject\jakarta.inject-api\2.0.1\jakarta.inject-api-2.0.1.jar;C:\Users\quanl\.m2\repository\org\antlr\antlr4-runtime\4.13.0\antlr4-runtime-4.13.0.jar;C:\Users\quanl\.m2\repository\org\springframework\data\spring-data-jpa\3.3.2\spring-data-jpa-3.3.2.jar;C:\Users\quanl\.m2\repository\org\springframework\data\spring-data-commons\3.3.2\spring-data-commons-3.3.2.jar;C:\Users\quanl\.m2\repository\org\springframework\spring-orm\6.1.11\spring-orm-6.1.11.jar;C:\Users\quanl\.m2\repository\org\springframework\spring-beans\6.1.11\spring-beans-6.1.11.jar;C:\Users\quanl\.m2\repository\jakarta\annotation\jakarta.annotation-api\2.1.1\jakarta.annotation-api-2.1.1.jar;C:\Users\quanl\.m2\repository\org\slf4j\slf4j-api\2.0.13\slf4j-api-2.0.13.jar;C:\Users\quanl\.m2\repository\org\springframework\spring-aspects\6.1.11\spring-aspects-6.1.11.jar;C:\Users\quanl\.m2\repository\org\springframework\boot\spring-boot-starter-thymeleaf\3.3.2\spring-boot-starter-thymeleaf-3.3.2.jar;C:\Users\quanl\.m2\repository\org\springframework\boot\spring-boot-starter\3.3.2\spring-boot-starter-3.3.2.jar;C:\Users\quanl\.m2\repository\org\springframework\boot\spring-boot-starter-logging\3.3.2\spring-boot-starter-logging-3.3.2.jar;C:\Users\quanl\.m2\repository\ch\qos\logback\logback-classic\1.5.6\logback-classic-1.5.6.jar;C:\Users\quanl\.m2\repository\ch\qos\logback\logback-core\1.5.6\logback-core-1.5.6.jar;C:\Users\quanl\.m2\repository\org\apache\logging\log4j\log4j-to-slf4j\2.23.1\log4j-to-slf4j-2.23.1.jar;C:\Users\quanl\.m2\repository\org\apache\logging\log4j\log4j-api\2.23.1\log4j-api-2.23.1.jar;C:\Users\quanl\.m2\repository\org\slf4j\jul-to-slf4j\2.0.13\jul-to-slf4j-2.0.13.jar;C:\Users\quanl\.m2\repository\org\yaml\snakeyaml\2.2\snakeyaml-2.2.jar;C:\Users\quanl\.m2\repository\org\thymeleaf\thymeleaf-spring6\3.1.2.RELEASE\thymeleaf-spring6-3.1.2.RELEASE.jar;C:\Users\quanl\.m2\repository\org\thymeleaf\thymeleaf\3.1.2.RELEASE\thymeleaf-3.1.2.RELEASE.jar;C:\Users\quanl\.m2\repository\org\attoparser\attoparser\2.0.7.RELEASE\attoparser-2.0.7.RELEASE.jar;C:\Users\quanl\.m2\repository\org\unbescape\unbescape\1.1.6.RELEASE\unbescape-1.1.6.RELEASE.jar;C:\Users\quanl\.m2\repository\org\springframework\boot\spring-boot-starter-web\3.3.2\spring-boot-starter-web-3.3.2.jar;C:\Users\quanl\.m2\repository\org\springframework\boot\spring-boot-starter-json\3.3.2\spring-boot-starter-json-3.3.2.jar;C:\Users\quanl\.m2\repository\com\fasterxml\jackson\datatype\jackson-datatype-jdk8\2.17.2\jackson-datatype-jdk8-2.17.2.jar;C:\Users\quanl\.m2\repository\com\fasterxml\jackson\datatype\jackson-datatype-jsr310\2.17.2\jackson-datatype-jsr310-2.17.2.jar;C:\Users\quanl\.m2\repository\com\fasterxml\jackson\module\jackson-module-parameter-names\2.17.2\jackson-module-parameter-names-2.17.2.jar;C:\Users\quanl\.m2\repository\org\springframework\boot\spring-boot-starter-tomcat\3.3.2\spring-boot-starter-tomcat-3.3.2.jar;C:\Users\quanl\.m2\repository\org\apache\tomcat\embed\tomcat-embed-core\10.1.26\tomcat-embed-core-10.1.26.jar;C:\Users\quanl\.m2\repository\org\apache\tomcat\embed\tomcat-embed-websocket\10.1.26\tomcat-embed-websocket-10.1.26.jar;C:\Users\quanl\.m2\repository\org\springframework\spring-web\6.1.11\spring-web-6.1.11.jar;C:\Users\quanl\.m2\repository\org\springframework\spring-webmvc\6.1.11\spring-webmvc-6.1.11.jar;C:\Users\quanl\.m2\repository\org\springframework\spring-expression\6.1.11\spring-expression-6.1.11.jar;C:\Users\quanl\.m2\repository\org\springframework\boot\spring-boot-devtools\3.3.2\spring-boot-devtools-3.3.2.jar;C:\Users\quanl\.m2\repository\org\springframework\boot\spring-boot\3.3.2\spring-boot-3.3.2.jar;C:\Users\quanl\.m2\repository\org\springframework\boot\spring-boot-autoconfigure\3.3.2\spring-boot-autoconfigure-3.3.2.jar;C:\Users\quanl\.m2\repository\com\h2database\h2\2.2.224\h2-2.2.224.jar;C:\Users\quanl\.m2\repository\com\mysql\mysql-connector-j\8.3.0\mysql-connector-j-8.3.0.jar;C:\Users\quanl\.m2\repository\org\projectlombok\lombok\1.18.34\lombok-1.18.34.jar;C:\Users\quanl\.m2\repository\jakarta\xml\bind\jakarta.xml.bind-api\4.0.2\jakarta.xml.bind-api-4.0.2.jar;C:\Users\quanl\.m2\repository\jakarta\activation\jakarta.activation-api\2.1.3\jakarta.activation-api-2.1.3.jar;C:\Users\quanl\.m2\repository\org\springframework\spring-core\6.1.11\spring-core-6.1.11.jar;C:\Users\quanl\.m2\repository\org\springframework\spring-jcl\6.1.11\spring-jcl-6.1.11.jar;C:\Users\quanl\.m2\repository\org\springframework\boot\spring-boot-starter-validation\3.3.2\spring-boot-starter-validation-3.3.2.jar;C:\Users\quanl\.m2\repository\org\apache\tomcat\embed\tomcat-embed-el\10.1.26\tomcat-embed-el-10.1.26.jar;C:\Users\quanl\.m2\repository\org\hibernate\validator\hibernate-validator\8.0.1.Final\hibernate-validator-8.0.1.Final.jar;C:\Users\quanl\.m2\repository\jakarta\validation\jakarta.validation-api\3.0.2\jakarta.validation-api-3.0.2.jar;C:\Users\quanl\.m2\repository\org\springframework\boot\spring-boot-starter-security\3.3.2\spring-boot-starter-security-3.3.2.jar;C:\Users\quanl\.m2\repository\org\springframework\spring-aop\6.1.11\spring-aop-6.1.11.jar;C:\Users\quanl\.m2\repository\org\springframework\security\spring-security-config\6.3.1\spring-security-config-6.3.1.jar;C:\Users\quanl\.m2\repository\org\springframework\security\spring-security-core\6.3.1\spring-security-core-6.3.1.jar;C:\Users\quanl\.m2\repository\org\springframework\security\spring-security-crypto\6.3.1\spring-security-crypto-6.3.1.jar;C:\Users\quanl\.m2\repository\org\springframework\security\spring-security-web\6.3.1\spring-security-web-6.3.1.jar;C:\Users\quanl\.m2\repository\io\jsonwebtoken\jjwt-api\0.11.5\jjwt-api-0.11.5.jar;C:\Users\quanl\.m2\repository\io\jsonwebtoken\jjwt-impl\0.11.5\jjwt-impl-0.11.5.jar;C:\Users\quanl\.m2\repository\io\jsonwebtoken\jjwt-jackson\0.11.5\jjwt-jackson-0.11.5.jar;C:\Users\quanl\.m2\repository\com\fasterxml\jackson\core\jackson-databind\2.17.2\jackson-databind-2.17.2.jar;C:\Users\quanl\.m2\repository\com\fasterxml\jackson\core\jackson-core\2.17.2\jackson-core-2.17.2.jar;C:\Users\quanl\.m2\repository\io\github\cdimascio\java-dotenv\5.2.2\java-dotenv-5.2.2.jar;C:\Users\quanl\.m2\repository\org\jetbrains\kotlin\kotlin-stdlib\1.9.24\kotlin-stdlib-1.9.24.jar;C:\Users\quanl\.m2\repository\org\jetbrains\annotations\13.0\annotations-13.0.jar;C:\Users\quanl\.m2\repository\org\springdoc\springdoc-openapi-starter-webmvc-ui\2.0.3\springdoc-openapi-starter-webmvc-ui-2.0.3.jar;C:\Users\quanl\.m2\repository\org\springdoc\springdoc-openapi-starter-webmvc-api\2.0.3\springdoc-openapi-starter-webmvc-api-2.0.3.jar;C:\Users\quanl\.m2\repository\org\springdoc\springdoc-openapi-starter-common\2.0.3\springdoc-openapi-starter-common-2.0.3.jar;C:\Users\quanl\.m2\repository\io\swagger\core\v3\swagger-core-jakarta\2.2.8\swagger-core-jakarta-2.2.8.jar;C:\Users\quanl\.m2\repository\org\apache\commons\commons-lang3\3.14.0\commons-lang3-3.14.0.jar;C:\Users\quanl\.m2\repository\io\swagger\core\v3\swagger-annotations-jakarta\2.2.8\swagger-annotations-jakarta-2.2.8.jar;C:\Users\quanl\.m2\repository\io\swagger\core\v3\swagger-models-jakarta\2.2.8\swagger-models-jakarta-2.2.8.jar;C:\Users\quanl\.m2\repository\com\fasterxml\jackson\dataformat\jackson-dataformat-yaml\2.17.2\jackson-dataformat-yaml-2.17.2.jar;C:\Users\quanl\.m2\repository\org\webjars\swagger-ui\4.17.1\swagger-ui-4.17.1.jar;C:\Users\quanl\.m2\repository\org\webjars\webjars-locator-core\0.58\webjars-locator-core-0.58.jar;C:\Users\quanl\.m2\repository\io\github\classgraph\classgraph\4.8.149\classgraph-4.8.149.jar;C:\Users\quanl\.m2\repository\com\fasterxml\jackson\module\jackson-module-kotlin\2.15.2\jackson-module-kotlin-2.15.2.jar;C:\Users\quanl\.m2\repository\com\fasterxml\jackson\core\jackson-annotations\2.17.2\jackson-annotations-2.17.2.jar;C:\Users\quanl\.m2\repository\org\jetbrains\kotlin\kotlin-reflect\1.9.24\kotlin-reflect-1.9.24.jar;C:\Users\quanl\.m2\repository\org\springframework\cloud\spring-cloud-starter-netflix-eureka-client\4.1.3\spring-cloud-starter-netflix-eureka-client-4.1.3.jar;C:\Users\quanl\.m2\repository\org\springframework\cloud\spring-cloud-starter\4.1.4\spring-cloud-starter-4.1.4.jar;C:\Users\quanl\.m2\repository\org\springframework\cloud\spring-cloud-context\4.1.4\spring-cloud-context-4.1.4.jar;C:\Users\quanl\.m2\repository\org\springframework\cloud\spring-cloud-commons\4.1.4\spring-cloud-commons-4.1.4.jar;C:\Users\quanl\.m2\repository\org\springframework\security\spring-security-rsa\1.1.3\spring-security-rsa-1.1.3.jar;C:\Users\quanl\.m2\repository\org\bouncycastle\bcprov-jdk18on\1.78\bcprov-jdk18on-1.78.jar;C:\Users\quanl\.m2\repository\org\springframework\cloud\spring-cloud-netflix-eureka-client\4.1.3\spring-cloud-netflix-eureka-client-4.1.3.jar;C:\Users\quanl\.m2\repository\org\apache\httpcomponents\client5\httpclient5\5.3.1\httpclient5-5.3.1.jar;C:\Users\quanl\.m2\repository\org\apache\httpcomponents\core5\httpcore5\5.2.5\httpcore5-5.2.5.jar;C:\Users\quanl\.m2\repository\org\apache\httpcomponents\core5\httpcore5-h2\5.2.5\httpcore5-h2-5.2.5.jar;C:\Users\quanl\.m2\repository\com\netflix\eureka\eureka-client\2.0.3\eureka-client-2.0.3.jar;C:\Users\quanl\.m2\repository\com\thoughtworks\xstream\xstream\1.4.20\xstream-1.4.20.jar;C:\Users\quanl\.m2\repository\io\github\x-stream\mxparser\1.2.2\mxparser-1.2.2.jar;C:\Users\quanl\.m2\repository\xmlpull\xmlpull\1.1.3.1\xmlpull-1.1.3.1.jar;C:\Users\quanl\.m2\repository\jakarta\ws\rs\jakarta.ws.rs-api\3.1.0\jakarta.ws.rs-api-3.1.0.jar;C:\Users\quanl\.m2\repository\com\netflix\spectator\spectator-api\1.7.3\spectator-api-1.7.3.jar;C:\Users\quanl\.m2\repository\org\apache\httpcomponents\httpclient\4.5.3\httpclient-4.5.3.jar;C:\Users\quanl\.m2\repository\org\apache\httpcomponents\httpcore\4.4.16\httpcore-4.4.16.jar;C:\Users\quanl\.m2\repository\commons-codec\commons-codec\1.16.1\commons-codec-1.16.1.jar;C:\Users\quanl\.m2\repository\commons-configuration\commons-configuration\1.10\commons-configuration-1.10.jar;C:\Users\quanl\.m2\repository\commons-lang\commons-lang\2.6\commons-lang-2.6.jar;C:\Users\quanl\.m2\repository\com\netflix\netflix-commons\netflix-eventbus\0.3.0\netflix-eventbus-0.3.0.jar;C:\Users\quanl\.m2\repository\com\netflix\netflix-commons\netflix-infix\0.3.0\netflix-infix-0.3.0.jar;C:\Users\quanl\.m2\repository\commons-jxpath\commons-jxpath\1.3\commons-jxpath-1.3.jar;C:\Users\quanl\.m2\repository\joda-time\joda-time\2.3\joda-time-2.3.jar;C:\Users\quanl\.m2\repository\org\antlr\antlr-runtime\3.4\antlr-runtime-3.4.jar;C:\Users\quanl\.m2\repository\org\antlr\stringtemplate\3.2.1\stringtemplate-3.2.1.jar;C:\Users\quanl\.m2\repository\antlr\antlr\2.7.7\antlr-2.7.7.jar;C:\Users\quanl\.m2\repository\com\google\code\gson\gson\2.10.1\gson-2.10.1.jar;C:\Users\quanl\.m2\repository\com\netflix\servo\servo-core\0.5.3\servo-core-0.5.3.jar;C:\Users\quanl\.m2\repository\org\apache\commons\commons-math\2.2\commons-math-2.2.jar;C:\Users\quanl\.m2\repository\javax\annotation\javax.annotation-api\1.2\javax.annotation-api-1.2.jar;C:\Users\quanl\.m2\repository\org\codehaus\jettison\jettison\1.5.4\jettison-1.5.4.jar;C:\Users\quanl\.m2\repository\com\netflix\eureka\eureka-core\2.0.3\eureka-core-2.0.3.jar;C:\Users\quanl\.m2\repository\com\fasterxml\woodstox\woodstox-core\6.2.1\woodstox-core-6.2.1.jar;C:\Users\quanl\.m2\repository\org\codehaus\woodstox\stax2-api\4.2.1\stax2-api-4.2.1.jar;C:\Users\quanl\.m2\repository\com\google\guava\guava\33.0.0-jre\guava-33.0.0-jre.jar;C:\Users\quanl\.m2\repository\com\google\guava\failureaccess\1.0.2\failureaccess-1.0.2.jar;C:\Users\quanl\.m2\repository\com\google\guava\listenablefuture\9999.0-empty-to-avoid-conflict-with-guava\listenablefuture-9999.0-empty-to-avoid-conflict-with-guava.jar;C:\Users\quanl\.m2\repository\org\checkerframework\checker-qual\3.41.0\checker-qual-3.41.0.jar;C:\Users\quanl\.m2\repository\com\google\errorprone\error_prone_annotations\2.23.0\error_prone_annotations-2.23.0.jar;C:\Users\quanl\.m2\repository\com\google\j2objc\j2objc-annotations\2.8\j2objc-annotations-2.8.jar;C:\Users\quanl\.m2\repository\org\springframework\cloud\spring-cloud-starter-loadbalancer\4.1.4\spring-cloud-starter-loadbalancer-4.1.4.jar;C:\Users\quanl\.m2\repository\org\springframework\cloud\spring-cloud-loadbalancer\4.1.4\spring-cloud-loadbalancer-4.1.4.jar;C:\Users\quanl\.m2\repository\io\projectreactor\reactor-core\3.6.8\reactor-core-3.6.8.jar;C:\Users\quanl\.m2\repository\org\reactivestreams\reactive-streams\1.0.4\reactive-streams-1.0.4.jar;C:\Users\quanl\.m2\repository\io\projectreactor\addons\reactor-extra\3.5.1\reactor-extra-3.5.1.jar;C:\Users\quanl\.m2\repository\org\springframework\boot\spring-boot-starter-cache\3.3.2\spring-boot-starter-cache-3.3.2.jar;C:\Users\quanl\.m2\repository\org\springframework\spring-context-support\6.1.11\spring-context-support-6.1.11.jar;C:\Users\quanl\.m2\repository\com\stoyanr\evictor\1.0.0\evictor-1.0.0.jar;C:\Users\quanl\.m2\repository\org\springframework\kafka\spring-kafka\3.2.2\spring-kafka-3.2.2.jar;C:\Users\quanl\.m2\repository\org\springframework\spring-context\6.1.11\spring-context-6.1.11.jar;C:\Users\quanl\.m2\repository\org\springframework\spring-messaging\6.1.11\spring-messaging-6.1.11.jar;C:\Users\quanl\.m2\repository\org\springframework\spring-tx\6.1.11\spring-tx-6.1.11.jar;C:\Users\quanl\.m2\repository\org\springframework\retry\spring-retry\2.0.7\spring-retry-2.0.7.jar;C:\Users\quanl\.m2\repository\org\apache\kafka\kafka-clients\3.7.1\kafka-clients-3.7.1.jar;C:\Users\quanl\.m2\repository\com\github\luben\zstd-jni\1.5.6-3\zstd-jni-1.5.6-3.jar;C:\Users\quanl\.m2\repository\org\lz4\lz4-java\1.8.0\lz4-java-1.8.0.jar;C:\Users\quanl\.m2\repository\org\xerial\snappy\snappy-java\1.1.10.5\snappy-java-1.1.10.5.jar;C:\Users\quanl\.m2\repository\io\micrometer\micrometer-observation\1.13.2\micrometer-observation-1.13.2.jar;C:\Users\quanl\.m2\repository\io\micrometer\micrometer-commons\1.13.2\micrometer-commons-1.13.2.jar
Launcher Type: SUN_STANDARD

[Global flags]
     intx CICompilerCount                          = 4                                         {product} {ergonomic}
     uint ConcGCThreads                            = 2                                         {product} {ergonomic}
     uint G1ConcRefinementThreads                  = 8                                         {product} {ergonomic}
   size_t G1HeapRegionSize                         = 1048576                                   {product} {ergonomic}
    uintx GCDrainStackTargetSize                   = 64                                        {product} {ergonomic}
   size_t InitialHeapSize                          = 130023424                                 {product} {ergonomic}
     bool ManagementServer                         = true                                      {product} {command line}
   size_t MarkStackSize                            = 4194304                                   {product} {ergonomic}
   size_t MaxHeapSize                              = 2055208960                                {product} {ergonomic}
   size_t MaxNewSize                               = 1233125376                                {product} {ergonomic}
   size_t MinHeapDeltaBytes                        = 1048576                                   {product} {ergonomic}
   size_t MinHeapSize                              = 8388608                                   {product} {ergonomic}
    uintx NonNMethodCodeHeapSize                   = 4096                                   {pd product} {ergonomic}
    uintx NonProfiledCodeHeapSize                  = 0                                      {pd product} {ergonomic}
     bool ProfileInterpreter                       = false                                  {pd product} {command line}
    uintx ProfiledCodeHeapSize                     = 0                                      {pd product} {ergonomic}
     bool ShowCodeDetailsInExceptionMessages       = true                                   {manageable} {command line}
   size_t SoftMaxHeapSize                          = 2055208960                             {manageable} {ergonomic}
     intx TieredStopAtLevel                        = 1                                         {product} {command line}
     bool UseCompressedOops                        = true                           {product lp64_product} {ergonomic}
     bool UseG1GC                                  = true                                      {product} {ergonomic}
     bool UseLargePagesIndividualAllocation        = false                                  {pd product} {ergonomic}

Logging:
Log output configuration:
 #0: stdout all=warning uptime,level,tags foldmultilines=false
 #1: stderr all=off uptime,level,tags foldmultilines=false

Environment Variables:
PATH=E:/program/sts-4.24.0.RELEASE//plugins/org.eclipse.justj.openjdk.hotspot.jre.full.win32.x86_64_21.0.3.v20240426-1530/jre/bin/server;E:/program/sts-4.24.0.RELEASE//plugins/org.eclipse.justj.openjdk.hotspot.jre.full.win32.x86_64_21.0.3.v20240426-1530/jre/bin;C:\Program Files\Common Files\Oracle\Java\javapath;C:\Program Files (x86)\Common Files\Oracle\Java\javapath;C:\Program Files (x86)\VMware\VMware Workstation\bin\;C:\WINDOWS\system32;C:\WINDOWS;C:\WINDOWS\System32\Wbem;C:\WINDOWS\System32\WindowsPowerShell\v1.0\;C:\WINDOWS\System32\OpenSSH\;C:\Program Files (x86)\mingw-w64\i686-8.1.0-posix-dwarf-rt_v6-rev0;C:\mingw-w64\i686-8.1.0-posix-dwarf-rt_v6-rev0\mingw32\bin;C:\sqlite3;C:\Program Files\Azure Data Studio\bin;C:\Program Files\Git\cmd;C:\Program Files\TortoiseGit\bin;C:\Program Files (x86)\Yarn\bin\;C:\Program Files\dotnet\;C:\Users\quanl\AppData\Roaming\nvm;C:\Program Files\nodejs;C:\Program Files\PowerShell\7\;C:\Program Files\Cloudflare\Cloudflare WARP\;C:\Program Files\Docker\Docker\resources\bin;C:\Users\quanl\AppData\Local\Microsoft\WindowsApps;C:\Program Files\Azure Data Studio\bin;C:\Users\quanl\AppData\Local\Programs\Microsoft VS Code\bin;C:\Users\quanl\AppData\Local\Yarn\bin;C:\Program Files\JetBrains\IntelliJ IDEA 2023.3.2\bin;;C:\Users\quanl\AppData\Roaming\nvm;C:\Program Files\nodejs;C:\Program Files\JetBrains\IntelliJ IDEA Community Edition 2024.1.4\bin;;E:\program\sts-4.24.0.RELEASE;
USERNAME=SANJI
OS=Windows_NT
PROCESSOR_IDENTIFIER=Intel64 Family 6 Model 140 Stepping 1, GenuineIntel
TMP=C:\Users\quanl\AppData\Local\Temp
TEMP=C:\Users\quanl\AppData\Local\Temp




Periodic native trim disabled

---------------  S Y S T E M  ---------------

OS:
 Windows 11 , 64 bit Build 22621 (10.0.22621.3672)
OS uptime: 0 days 8:53 hours
Hyper-V role detected

CPU: total 8 (initial active 8) (4 cores per cpu, 2 threads per core) family 6 model 140 stepping 1 microcode 0xb4, cx8, cmov, fxsr, ht, mmx, 3dnowpref, sse, sse2, sse3, ssse3, sse4.1, sse4.2, popcnt, lzcnt, tsc, tscinvbit, avx, avx2, aes, erms, clmul, bmi1, bmi2, adx, avx512f, avx512dq, avx512cd, avx512bw, avx512vl, sha, fma, vzeroupper, avx512_vpopcntdq, avx512_vpclmulqdq, avx512_vaes, avx512_vnni, clflush, clflushopt, clwb, avx512_vbmi2, avx512_vbmi, hv, rdtscp, rdpid, fsrm, gfni, avx512_bitalg, f16c, cet_ibt, cet_ss, avx512_ifma
Processor Information for processor 0
  Max Mhz: 2401, Current Mhz: 1100, Mhz Limit: 2376
Processor Information for processor 1
  Max Mhz: 2401, Current Mhz: 2400, Mhz Limit: 2376
Processor Information for processor 2
  Max Mhz: 2401, Current Mhz: 2400, Mhz Limit: 2376
Processor Information for processor 3
  Max Mhz: 2401, Current Mhz: 1100, Mhz Limit: 2376
Processor Information for processor 4
  Max Mhz: 2401, Current Mhz: 2400, Mhz Limit: 2376
Processor Information for processor 5
  Max Mhz: 2401, Current Mhz: 1100, Mhz Limit: 2376
Processor Information for processor 6
  Max Mhz: 2401, Current Mhz: 2400, Mhz Limit: 2376
Processor Information for processor 7
  Max Mhz: 2401, Current Mhz: 1100, Mhz Limit: 2376

Memory: 4k page, system-wide physical 7834M (609M free)
TotalPageFile size 20196M (AvailPageFile size 29M)
current process WorkingSet (physical memory assigned to process): 290M, peak: 290M
current process commit charge ("private bytes"): 366M, peak: 405M

vm_info: OpenJDK 64-Bit Server VM (21.0.3+9-LTS) for windows-amd64 JRE (21.0.3+9-LTS), built on 2024-04-16T00:00:00Z by "admin" with MS VC++ 17.7 (VS2022)

END.
